This is pdfTeX, Version 3.141592653-2.6-1.40.22 (TeX Live 2021/Arch Linux) (preloaded format=prv_Conjuntos.md 2021.9.17)  17 SEP 2021 10:10
entering extended mode
 restricted \write18 enabled.
 file:line:error style messages enabled.
 %&-line parsing enabled.
**&prv_Conjuntos.md /AUCTEXINPUT{ Conjuntos.md.tex }
(./Conjuntos.md.tex (/usr/share/texmf-dist/tex/latex/l3backend/l3backend-pdftex.def
File: l3backend-pdftex.def 2021-03-18 L3 backend support: PDF output (pdfTeX)
\l__color_backend_stack_int=\count199
\l__pdf_internal_box=\box49
)
No file Conjuntos.md.aux.
LaTeX Font Info:    Checking defaults for OML/cmm/m/it on input line 5.
LaTeX Font Info:    ... okay on input line 5.
LaTeX Font Info:    Checking defaults for OMS/cmsy/m/n on input line 5.
LaTeX Font Info:    ... okay on input line 5.
LaTeX Font Info:    Checking defaults for OT1/cmr/m/n on input line 5.
LaTeX Font Info:    ... okay on input line 5.
LaTeX Font Info:    Checking defaults for T1/cmr/m/n on input line 5.
LaTeX Font Info:    ... okay on input line 5.
LaTeX Font Info:    Checking defaults for TS1/cmr/m/n on input line 5.
LaTeX Font Info:    ... okay on input line 5.
LaTeX Font Info:    Checking defaults for OMX/cmex/m/n on input line 5.
LaTeX Font Info:    ... okay on input line 5.
LaTeX Font Info:    Checking defaults for U/cmr/m/n on input line 5.
LaTeX Font Info:    ... okay on input line 5.
(/home/padawan/.emacs.d/elpa/auctex-13.0.14/latex/preview.sty
Package: preview 2017/04/24 12.3 (AUCTeX/preview-latex)
 (/usr/share/texmf-dist/tex/generic/luatex85/luatex85.sty
Package: luatex85 2016/06/15 v1.4 pdftex aliases for luatex
) (/home/padawan/.emacs.d/elpa/auctex-13.0.14/latex/prtightpage.def
\PreviewBorder=\dimen148
) (/home/padawan/.emacs.d/elpa/auctex-13.0.14/latex/prauctex.def
No auxiliary output files.


\hbadness=\count266
\hfuzz=\dimen149
(/home/padawan/.emacs.d/elpa/auctex-13.0.14/latex/prauctex.cfg)) (/home/padawan/.emacs.d/elpa/auctex-13.0.14/latex/prfootnotes.def)
\pr@snippet=\count267
\pr@box=\box50
\pr@output=\toks22

Preview: Fontsize 10pt
Preview: PDFoutput 1
)
./Conjuntos.md.tex:6: Preview: Snippet 1 started.
<-><->
      
l.6 $
     \in$
Not a real error.

Preview: Tightpage -32891 -32891 32891 32891
./Conjuntos.md.tex:6: Preview: Snippet 1 ended.(353303+25623x436908).
<-><->
      
l.6 $\in$
         
Not a real error.

[1{/var/lib/texmf/fonts/map/pdftex/updmap/pdftex.map}]
./Conjuntos.md.tex:7: Preview: Snippet 2 started.
<-><->
      
l.7 $
     x \in A$
Not a real error.

./Conjuntos.md.tex:7: Preview: Snippet 2 ended.(447828+25623x1667065).
<-><->
      
l.7 $x \in A$
             
Not a real error.

[2]
./Conjuntos.md.tex:8: Preview: Snippet 3 started.
<-><->
      
l.8 $
     x$
Not a real error.

./Conjuntos.md.tex:8: Preview: Snippet 3 ended.(282168+0x374556).
<-><->
      
l.8 $x$
       
Not a real error.

[3]
./Conjuntos.md.tex:9: Preview: Snippet 4 started.
<-><->
      
l.9 $
     A$
Not a real error.

./Conjuntos.md.tex:9: Preview: Snippet 4 ended.(447828+0x491521).
<-><->
      
l.9 $A$
       
Not a real error.

[4]
./Conjuntos.md.tex:10: Preview: Snippet 5 started.
<-><->
      
l.10 $
      x \notin A$
Not a real error.

./Conjuntos.md.tex:10: Preview: Snippet 5 ended.(491520+25623x1667065).
<-><->
      
l.10 $x \notin A$
                 
Not a real error.

[5]
./Conjuntos.md.tex:11: Preview: Snippet 6 started.
<-><->
      
l.11 $
      x$
Not a real error.

./Conjuntos.md.tex:11: Preview: Snippet 6 ended.(282168+0x374556).
<-><->
      
l.11 $x$
        
Not a real error.

[6]
./Conjuntos.md.tex:12: Preview: Snippet 7 started.
<-><->
      
l.12 $
      A$
Not a real error.

./Conjuntos.md.tex:12: Preview: Snippet 7 ended.(447828+0x491521).
<-><->
      
l.12 $A$
        
Not a real error.

[7]
./Conjuntos.md.tex:13: Preview: Snippet 8 started.
<-><->
      
l.13 $
      A = \{a, b, c\}$
Not a real error.

./Conjuntos.md.tex:13: Preview: Snippet 8 ended.(491520+163840x3514512).
<-><->
      
l.13 $A = \{a, b, c\}$
                      
Not a real error.

[8]
./Conjuntos.md.tex:14: Preview: Snippet 9 started.
<-><->
      
l.14 $
      B = \{2, 4, 6, \dots\}$
Not a real error.

./Conjuntos.md.tex:14: Preview: Snippet 9 ended.(491520+163840x4789802).
<-><->
      
l.14 $B = \{2, 4, 6, \dots\}$
                             
Not a real error.

[9]
./Conjuntos.md.tex:15: Preview: Snippet 10 started.
<-><->
      
l.15 $
      \text{i. } 2 \in B \quad$
Not a real error.

./Conjuntos.md.tex:15: Preview: Snippet 10 ended.(447828+25623x2969046).
<-><->
      
l.15 $\text{i. } 2 \in B \quad$
                               
Not a real error.

[10]
./Conjuntos.md.tex:16: Preview: Snippet 11 started.
<-><->
      
l.16 $
      \quad\text{ii. Se } n \in B \text{, então } (n + 2) \in B$
Not a real error.

./Conjuntos.md.tex:16: Preview: Snippet 11 ended.(491520+163840x9618867).
<-><->
      
l.16 ... } n \in B \text{, então } (n + 2) \in B$
                                                  
Not a real error.

[11]
./Conjuntos.md.tex:17: Preview: Snippet 12 started.
<-><->
      
l.17 $
      B = \{x | x \text{ é um inteiro par, } x > 0\}$
Not a real error.

./Conjuntos.md.tex:17: Preview: Snippet 12 ended.(491520+163840x9829785).
<-><->
      
l.17 ...x | x \text{ é um inteiro par, } x > 0\}$
                                                  
Not a real error.

[12]
./Conjuntos.md.tex:18: Preview: Snippet 13 started.
<-><->
      
l.18 $
      \varnothing$
Not a real error.

./Conjuntos.md.tex:18: Undefined control sequence.
<recently read> \varnothing 
                            
l.18 $\varnothing
                 $
The control sequence at the end of the top line
of your error message was never \def'ed. If you have
misspelled it (e.g., `\hobx'), type `I' and the correct
spelling (e.g., `I\hbox'). Otherwise just continue,
and I'll forget about whatever was undefined.

./Conjuntos.md.tex:18: Preview: Snippet 13 ended.(0+0x0).
<-><->
      
l.18 $\varnothing$
                  
Not a real error.

[13]
./Conjuntos.md.tex:19: Preview: Snippet 14 started.
<-><->
      
l.19 $
      A$
Not a real error.

./Conjuntos.md.tex:19: Preview: Snippet 14 ended.(447828+0x491521).
<-><->
      
l.19 $A$
        
Not a real error.

[14]
./Conjuntos.md.tex:20: Preview: Snippet 15 started.
<-><->
      
l.20 $
      |A|$
Not a real error.

./Conjuntos.md.tex:20: Preview: Snippet 15 ended.(491520+163840x855611).
<-><->
      
l.20 $|A|$
          
Not a real error.

[15]
./Conjuntos.md.tex:21: Preview: Snippet 16 started.
<-><->
      
l.21 $
      \#A$
Not a real error.

./Conjuntos.md.tex:21: Preview: Snippet 16 ended.(455111+127430x1037656).
<-><->
      
l.21 $\#A$
          
Not a real error.

[16]
./Conjuntos.md.tex:22: Preview: Snippet 17 started.
<-><->
      
l.22 $
      n$
Not a real error.

./Conjuntos.md.tex:22: Preview: Snippet 17 ended.(282168+0x393370).
<-><->
      
l.22 $n$
        
Not a real error.

[17]
./Conjuntos.md.tex:23: Preview: Snippet 18 started.
<-><->
      
l.23 $
      \infty$
Not a real error.

./Conjuntos.md.tex:23: Preview: Snippet 18 ended.(282168+0x655361).
<-><->
      
l.23 $\infty$
             
Not a real error.

[18]
./Conjuntos.md.tex:24: Preview: Snippet 19 started.
<-><->
      
l.24 $
      |\varnothing| = 0$
Not a real error.

./Conjuntos.md.tex:24: Undefined control sequence.
l.24 $|\varnothing
                  | = 0$
The control sequence at the end of the top line
of your error message was never \def'ed. If you have
misspelled it (e.g., `\hobx'), type `I' and the correct
spelling (e.g., `I\hbox'). Otherwise just continue,
and I'll forget about whatever was undefined.

./Conjuntos.md.tex:24: Preview: Snippet 19 ended.(491520+163840x1565577).
<-><->
      
l.24 $|\varnothing| = 0$
                        
Not a real error.

[19]
./Conjuntos.md.tex:25: Preview: Snippet 20 started.
<-><->
      
l.25 $
      \mathbb{U}$
Not a real error.

./Conjuntos.md.tex:25: Preview: Snippet 20 ended.(451470+0x473316).
<-><->
      
l.25 $\mathbb{U}$
                 
Not a real error.

[20]
./Conjuntos.md.tex:26: Preview: Snippet 21 started.
<-><->
      
l.26 $
      A$
Not a real error.

./Conjuntos.md.tex:26: Preview: Snippet 21 ended.(447828+0x491521).
<-><->
      
l.26 $A$
        
Not a real error.

[21]
./Conjuntos.md.tex:27: Preview: Snippet 22 started.
<-><->
      
l.27 $
      B$
Not a real error.

./Conjuntos.md.tex:27: Preview: Snippet 22 ended.(447828+0x529977).
<-><->
      
l.27 $B$
        
Not a real error.

[22]
./Conjuntos.md.tex:28: Preview: Snippet 23 started.
<-><->
      
l.28 $
      A$
Not a real error.

./Conjuntos.md.tex:28: Preview: Snippet 23 ended.(447828+0x491521).
<-><->
      
l.28 $A$
        
Not a real error.

[23]
./Conjuntos.md.tex:29: Preview: Snippet 24 started.
<-><->
      
l.29 $
      B$
Not a real error.

./Conjuntos.md.tex:29: Preview: Snippet 24 ended.(447828+0x529977).
<-><->
      
l.29 $B$
        
Not a real error.

[24]
./Conjuntos.md.tex:30: Preview: Snippet 25 started.
<-><->
      
l.30 $
      A \subseteq B$
Not a real error.

./Conjuntos.md.tex:30: Preview: Snippet 25 ended.(447828+89110x1895304).
<-><->
      
l.30 $A \subseteq B$
                    
Not a real error.

[25]
./Conjuntos.md.tex:31: Preview: Snippet 26 started.
<-><->
      
l.31 $
      A$
Not a real error.

./Conjuntos.md.tex:31: Preview: Snippet 26 ended.(447828+0x491521).
<-><->
      
l.31 $A$
        
Not a real error.

[26]
./Conjuntos.md.tex:32: Preview: Snippet 27 started.
<-><->
      
l.32 $
      B$
Not a real error.

./Conjuntos.md.tex:32: Preview: Snippet 27 ended.(447828+0x529977).
<-><->
      
l.32 $B$
        
Not a real error.

[27]
./Conjuntos.md.tex:33: Preview: Snippet 28 started.
<-><->
      
l.33 $
      B \supseteq A$
Not a real error.

./Conjuntos.md.tex:33: Preview: Snippet 28 ended.(447828+89110x1895304).
<-><->
      
l.33 $B \supseteq A$
                    
Not a real error.

[28]
./Conjuntos.md.tex:34: Preview: Snippet 29 started.
<-><->
      
l.34 $
      B$
Not a real error.

./Conjuntos.md.tex:34: Preview: Snippet 29 ended.(447828+0x529977).
<-><->
      
l.34 $B$
        
Not a real error.

[29]
./Conjuntos.md.tex:35: Preview: Snippet 30 started.
<-><->
      
l.35 $
      A$
Not a real error.

./Conjuntos.md.tex:35: Preview: Snippet 30 ended.(447828+0x491521).
<-><->
      
l.35 $A$
        
Not a real error.

[30]
./Conjuntos.md.tex:36: Preview: Snippet 31 started.
<-><->
      
l.36 $
      A$
Not a real error.

./Conjuntos.md.tex:36: Preview: Snippet 31 ended.(447828+0x491521).
<-><->
      
l.36 $A$
        
Not a real error.

[31]
./Conjuntos.md.tex:37: Preview: Snippet 32 started.
<-><->
      
l.37 $
      B$
Not a real error.

./Conjuntos.md.tex:37: Preview: Snippet 32 ended.(447828+0x529977).
<-><->
      
l.37 $B$
        
Not a real error.

[32]
./Conjuntos.md.tex:38: Preview: Snippet 33 started.
<-><->
      
l.38 $
      A$
Not a real error.

./Conjuntos.md.tex:38: Preview: Snippet 33 ended.(447828+0x491521).
<-><->
      
l.38 $A$
        
Not a real error.

[33]
./Conjuntos.md.tex:39: Preview: Snippet 34 started.
<-><->
      
l.39 $
      B$
Not a real error.

./Conjuntos.md.tex:39: Preview: Snippet 34 ended.(447828+0x529977).
<-><->
      
l.39 $B$
        
Not a real error.

[34]
./Conjuntos.md.tex:40: Preview: Snippet 35 started.
<-><->
      
l.40 $
      A \not\subset B$
Not a real error.

./Conjuntos.md.tex:40: Preview: Snippet 35 ended.(455111+127430x1895304).
<-><->
      
l.40 $A \not\subset B$
                      
Not a real error.

[35]
./Conjuntos.md.tex:41: Preview: Snippet 36 started.
<-><->
      
l.41 $
      \varnothing \subseteq A \subseteq \mathbb{U}$
Not a real error.

./Conjuntos.md.tex:41: Undefined control sequence.
<recently read> \varnothing 
                            
l.41 $\varnothing
                  \subseteq A \subseteq \mathbb{U}$
The control sequence at the end of the top line
of your error message was never \def'ed. If you have
misspelled it (e.g., `\hobx'), type `I' and the correct
spelling (e.g., `I\hbox'). Otherwise just continue,
and I'll forget about whatever was undefined.

./Conjuntos.md.tex:41: Preview: Snippet 36 ended.(451470+89110x2530409).
<-><->
      
l.41 ...rnothing \subseteq A \subseteq \mathbb{U}$
                                                  
Not a real error.

[36]
./Conjuntos.md.tex:42: Preview: Snippet 37 started.
<-><->
      
l.42 $
      A \subseteq A$
Not a real error.

./Conjuntos.md.tex:42: Preview: Snippet 37 ended.(447828+89110x1856848).
<-><->
      
l.42 $A \subseteq A$
                    
Not a real error.

[37]
./Conjuntos.md.tex:43: Preview: Snippet 38 started.
<-><->
      
l.43 $
      A \subseteq B$
Not a real error.

./Conjuntos.md.tex:43: Preview: Snippet 38 ended.(447828+89110x1895304).
<-><->
      
l.43 $A \subseteq B$
                    
Not a real error.

[38]
./Conjuntos.md.tex:44: Preview: Snippet 39 started.
<-><->
      
l.44 $
      B \subseteq C$
Not a real error.

./Conjuntos.md.tex:44: Preview: Snippet 39 ended.(447828+89110x1919059).
<-><->
      
l.44 $B \subseteq C$
                    
Not a real error.

[39]
./Conjuntos.md.tex:45: Preview: Snippet 40 started.
<-><->
      
l.45 $
      A \subseteq C$
Not a real error.

./Conjuntos.md.tex:45: Preview: Snippet 40 ended.(447828+89110x1880603).
<-><->
      
l.45 $A \subseteq C$
                    
Not a real error.

[40]
./Conjuntos.md.tex:46: Preview: Snippet 41 started.
<-><->
      
l.46 $
      A = B$
Not a real error.

./Conjuntos.md.tex:46: Preview: Snippet 41 ended.(447828+0x1895304).
<-><->
      
l.46 $A = B$
            
Not a real error.

[41]
./Conjuntos.md.tex:47: Preview: Snippet 42 started.
<-><->
      
l.47 $
      A \subseteq B$
Not a real error.

./Conjuntos.md.tex:47: Preview: Snippet 42 ended.(447828+89110x1895304).
<-><->
      
l.47 $A \subseteq B$
                    
Not a real error.

[42]
./Conjuntos.md.tex:48: Preview: Snippet 43 started.
<-><->
      
l.48 $
      B \subseteq A$
Not a real error.

./Conjuntos.md.tex:48: Preview: Snippet 43 ended.(447828+89110x1895304).
<-><->
      
l.48 $B \subseteq A$
                    
Not a real error.

[43]
./Conjuntos.md.tex:49: Preview: Snippet 44 started.
<-><->
      
l.49 $
      S$
Not a real error.

./Conjuntos.md.tex:49: Preview: Snippet 44 ended.(447828+0x439636).
<-><->
      
l.49 $S$
        
Not a real error.

[44]
./Conjuntos.md.tex:50: Preview: Snippet 45 started.
<-><->
      
l.50 $
      2^S$
Not a real error.

./Conjuntos.md.tex:50: Preview: Snippet 45 ended.(551306+0x707336).
<-><->
      
l.50 $2^S$
          
Not a real error.

[45]
./Conjuntos.md.tex:51: Preview: Snippet 46 started.
<-><->
      
l.51 $
      \wp (P)$
Not a real error.

./Conjuntos.md.tex:51: Preview: Snippet 46 ended.(491520+163840x1438609).
<-><->
      
l.51 $\wp (P)$
              
Not a real error.

[46]
./Conjuntos.md.tex:52: Preview: Snippet 47 started.
<-><->
      
l.52 $
      S$
Not a real error.

./Conjuntos.md.tex:52: Preview: Snippet 47 ended.(447828+0x439636).
<-><->
      
l.52 $S$
        
Not a real error.

[47]
./Conjuntos.md.tex:53: Preview: Snippet 48 started.
<-><->
      
l.53 $
      S$
Not a real error.

./Conjuntos.md.tex:53: Preview: Snippet 48 ended.(447828+0x439636).
<-><->
      
l.53 $S$
        
Not a real error.

[48]
./Conjuntos.md.tex:54: Preview: Snippet 49 started.
<-><->
      
l.54 $
      \wp (P)$
Not a real error.

./Conjuntos.md.tex:54: Preview: Snippet 49 ended.(491520+163840x1438609).
<-><->
      
l.54 $\wp (P)$
              
Not a real error.

[49]
./Conjuntos.md.tex:55: Preview: Snippet 50 started.
<-><->
      
l.55 $
      \varnothing$
Not a real error.

./Conjuntos.md.tex:55: Undefined control sequence.
<recently read> \varnothing 
                            
l.55 $\varnothing
                 $
The control sequence at the end of the top line
of your error message was never \def'ed. If you have
misspelled it (e.g., `\hobx'), type `I' and the correct
spelling (e.g., `I\hbox'). Otherwise just continue,
and I'll forget about whatever was undefined.

./Conjuntos.md.tex:55: Preview: Snippet 50 ended.(0+0x0).
<-><->
      
l.55 $\varnothing$
                  
Not a real error.

[50]
./Conjuntos.md.tex:56: Preview: Snippet 51 started.
<-><->
      
l.56 $
      S$
Not a real error.

./Conjuntos.md.tex:56: Preview: Snippet 51 ended.(447828+0x439636).
<-><->
      
l.56 $S$
        
Not a real error.

[51]
./Conjuntos.md.tex:57: Preview: Snippet 52 started.
<-><->
      
l.57 $
      A$
Not a real error.

./Conjuntos.md.tex:57: Preview: Snippet 52 ended.(447828+0x491521).
<-><->
      
l.57 $A$
        
Not a real error.

[52]
./Conjuntos.md.tex:58: Preview: Snippet 53 started.
<-><->
      
l.58 $
      P$
Not a real error.

./Conjuntos.md.tex:58: Preview: Snippet 53 ended.(447828+0x511773).
<-><->
      
l.58 $P$
        
Not a real error.

[53]
./Conjuntos.md.tex:59: Preview: Snippet 54 started.
<-><->
      
l.59 $
      A$
Not a real error.

./Conjuntos.md.tex:59: Preview: Snippet 54 ended.(447828+0x491521).
<-><->
      
l.59 $A$
        
Not a real error.

[54]
./Conjuntos.md.tex:60: Preview: Snippet 55 started.
<-><->
      
l.60 $
      A$
Not a real error.

./Conjuntos.md.tex:60: Preview: Snippet 55 ended.(447828+0x491521).
<-><->
      
l.60 $A$
        
Not a real error.

[55]
./Conjuntos.md.tex:61: Preview: Snippet 56 started.
<-><->
      
l.61 $
      P$
Not a real error.

./Conjuntos.md.tex:61: Preview: Snippet 56 ended.(447828+0x511773).
<-><->
      
l.61 $P$
        
Not a real error.

[56]
./Conjuntos.md.tex:62: Preview: Snippet 57 started.
<-><->
      
l.62 $
      A$
Not a real error.

./Conjuntos.md.tex:62: Preview: Snippet 57 ended.(447828+0x491521).
<-><->
      
l.62 $A$
        
Not a real error.

[57] ) 
Here is how much of TeX's memory you used:
 356 strings out of 477741
 7209 string characters out of 5850011
 305033 words of memory out of 5000000
 19090 multiletter control sequences out of 15000+600000
 412191 words of font info for 45 fonts, out of 8000000 for 9000
 1141 hyphenation exceptions out of 8191
 57i,9n,62p,191b,99s stack positions out of 5000i,500n,10000p,200000b,80000s
{/usr/share/texmf-dist/fonts/enc/dvips/cm-super/cm-super-t1.enc}</usr/share/texmf-dist/fonts/type1/public/amsfonts/cm/cmmi10.pfb></usr/share/texmf-dist/fonts/type1/public/amsfonts/cm/cmmi7.pfb></usr/share/texmf-dist/fonts/type1/public/amsfonts/cm/cmr10.pfb></usr/share/texmf-dist/fonts/type1/public/amsfonts/cm/cmsy10.pfb></usr/share/texmf-dist/fonts/type1/public/amsfonts/symbols/msbm10.pfb></usr/share/texmf-dist/fonts/type1/public/cm-super/sfrm1000.pfb>
Output written on Conjuntos.md.pdf (57 pages, 61193 bytes).
PDF statistics:
 214 PDF objects out of 1000 (max. 8388607)
 147 compressed objects within 2 object streams
 0 named destinations out of 1000 (max. 500000)
 1 words of extra memory for PDF output out of 10000 (max. 10000000)

