This is pdfTeX, Version 3.141592653-2.6-1.40.22 (TeX Live 2021/Arch Linux) (preloaded format=prv_Crit_E9rio_20da_20compara_E7_E3o.md 2021.9.29)  29 SEP 2021 08:31
entering extended mode
 restricted \write18 enabled.
 file:line:error style messages enabled.
 %&-line parsing enabled.
**&prv_Crit_E9rio_20da_20compara_E7_E3o.md /AUCTEXINPUT{ Crit_E9rio_20da_20compara_E7_E3o.md.tex }
(./Crit_E9rio_20da_20compara_E7_E3o.md.tex (/usr/share/texmf-dist/tex/latex/l3backend/l3backend-pdftex.def
File: l3backend-pdftex.def 2021-03-18 L3 backend support: PDF output (pdfTeX)
\l__color_backend_stack_int=\count199
\l__pdf_internal_box=\box49
)
No file Crit_E9rio_20da_20compara_E7_E3o.md.aux.
LaTeX Font Info:    Checking defaults for OML/cmm/m/it on input line 5.
LaTeX Font Info:    ... okay on input line 5.
LaTeX Font Info:    Checking defaults for OMS/cmsy/m/n on input line 5.
LaTeX Font Info:    ... okay on input line 5.
LaTeX Font Info:    Checking defaults for OT1/cmr/m/n on input line 5.
LaTeX Font Info:    ... okay on input line 5.
LaTeX Font Info:    Checking defaults for T1/cmr/m/n on input line 5.
LaTeX Font Info:    ... okay on input line 5.
LaTeX Font Info:    Checking defaults for TS1/cmr/m/n on input line 5.
LaTeX Font Info:    ... okay on input line 5.
LaTeX Font Info:    Checking defaults for OMX/cmex/m/n on input line 5.
LaTeX Font Info:    ... okay on input line 5.
LaTeX Font Info:    Checking defaults for U/cmr/m/n on input line 5.
LaTeX Font Info:    ... okay on input line 5.
(/home/padawan/.emacs.d/straight/build/auctex/latex/preview.sty
Package: preview 2017/04/24 12.3 (AUCTeX/preview-latex)
 (/usr/share/texmf-dist/tex/generic/luatex85/luatex85.sty
Package: luatex85 2016/06/15 v1.4 pdftex aliases for luatex
) (/home/padawan/.emacs.d/straight/build/auctex/latex/prtightpage.def
\PreviewBorder=\dimen148
) (/home/padawan/.emacs.d/straight/build/auctex/latex/prauctex.def
No auxiliary output files.


\hbadness=\count266
\hfuzz=\dimen149
(/home/padawan/.emacs.d/straight/build/auctex/latex/prauctex.cfg)) (/home/padawan/.emacs.d/straight/build/auctex/latex/prfootnotes.def)
\pr@snippet=\count267
\pr@box=\box50
\pr@output=\toks22

Preview: Fontsize 10pt
Preview: PDFoutput 1
)
./Crit_E9rio_20da_20compara_E7_E3o.md.tex:6: Preview: Snippet 1 started.
<-><->
      
l.6 $
     (a_n)$
Not a real error.

Preview: Tightpage -32891 -32891 32891 32891
./Crit_E9rio_20da_20compara_E7_E3o.md.tex:6: Preview: Snippet 1 ended.(491520+163840x1212876).
<-><->
      
l.6 $(a_n)$
           
Not a real error.

[1{/var/lib/texmf/fonts/map/pdftex/updmap/pdftex.map}]
./Crit_E9rio_20da_20compara_E7_E3o.md.tex:7: Preview: Snippet 2 started.
<-><->
      
l.7 $
     (b_n)$
Not a real error.

./Crit_E9rio_20da_20compara_E7_E3o.md.tex:7: Preview: Snippet 2 ended.(491520+163840x1147718).
<-><->
      
l.7 $(b_n)$
           
Not a real error.

[2]
./Crit_E9rio_20da_20compara_E7_E3o.md.tex:8: Preview: Snippet 3 started.
<-><->
      
l.8 $
     0 \leq a_n \leq b_n$
Not a real error.

./Crit_E9rio_20da_20compara_E7_E3o.md.tex:8: Preview: Snippet 3 ended.(455111+98303x3416435).
<-><->
      
l.8 $0 \leq a_n \leq b_n$
                         
Not a real error.

[3]
./Crit_E9rio_20da_20compara_E7_E3o.md.tex:9: Preview: Snippet 4 started.
<-><->
      
l.9 $
     \displaystyle\sum_{n=1}^{\infty}{a_n}$
Not a real error.

./Crit_E9rio_20da_20compara_E7_E3o.md.tex:9: Preview: Snippet 4 ended.(1082257+830854x1799895).
<-><->
      
l.9 $\displaystyle\sum_{n=1}^{\infty}{a_n}$
                                           
Not a real error.

[4]
./Crit_E9rio_20da_20compara_E7_E3o.md.tex:10: Preview: Snippet 5 started.
<-><->
      
l.10 $
      \displaystyle\sum_{n=1}^{\infty}{b_n}$
Not a real error.

./Crit_E9rio_20da_20compara_E7_E3o.md.tex:10: Preview: Snippet 5 ended.(1082257+830854x1734737).
<-><->
      
l.10 $\displaystyle\sum_{n=1}^{\infty}{b_n}$
                                            
Not a real error.

[5]
./Crit_E9rio_20da_20compara_E7_E3o.md.tex:11: Preview: Snippet 6 started.
<-><->
      
l.11 $
      \displaystyle\sum_{n=1}^{\infty}{b_n}$
Not a real error.

./Crit_E9rio_20da_20compara_E7_E3o.md.tex:11: Preview: Snippet 6 ended.(1082257+830854x1734737).
<-><->
      
l.11 $\displaystyle\sum_{n=1}^{\infty}{b_n}$
                                            
Not a real error.

[6]
./Crit_E9rio_20da_20compara_E7_E3o.md.tex:12: Preview: Snippet 7 started.
<-><->
      
l.12 $
      \displaystyle\sum_{n=1}^{\infty}{a_n}$
Not a real error.

./Crit_E9rio_20da_20compara_E7_E3o.md.tex:12: Preview: Snippet 7 ended.(1082257+830854x1799895).
<-><->
      
l.12 $\displaystyle\sum_{n=1}^{\infty}{a_n}$
                                            
Not a real error.

[7]
./Crit_E9rio_20da_20compara_E7_E3o.md.tex:13: Preview: Snippet 8 started.
<-><->
      
l.13 $
      (a_n)$
Not a real error.

./Crit_E9rio_20da_20compara_E7_E3o.md.tex:13: Preview: Snippet 8 ended.(491520+163840x1212876).
<-><->
      
l.13 $(a_n)$
            
Not a real error.

[8]
./Crit_E9rio_20da_20compara_E7_E3o.md.tex:14: Preview: Snippet 9 started.
<-><->
      
l.14 $
      (b_n)$
Not a real error.

./Crit_E9rio_20da_20compara_E7_E3o.md.tex:14: Preview: Snippet 9 ended.(491520+163840x1147718).
<-><->
      
l.14 $(b_n)$
            
Not a real error.

[9]
./Crit_E9rio_20da_20compara_E7_E3o.md.tex:15: Preview: Snippet 10 started.
<-><->
      
l.15 $
      0 \leq a_n$
Not a real error.

./Crit_E9rio_20da_20compara_E7_E3o.md.tex:15: Preview: Snippet 10 ended.(422343+98303x1904637).
<-><->
      
l.15 $0 \leq a_n$
                 
Not a real error.

[10]
./Crit_E9rio_20da_20compara_E7_E3o.md.tex:16: Preview: Snippet 11 started.
<-><->
      
l.16 $
      0 \leq b_n$
Not a real error.

./Crit_E9rio_20da_20compara_E7_E3o.md.tex:16: Preview: Snippet 11 ended.(455111+98303x1839479).
<-><->
      
l.16 $0 \leq b_n$
                 
Not a real error.

[11]
./Crit_E9rio_20da_20compara_E7_E3o.md.tex:17: Preview: Snippet 12 started.
<-><->
      
l.17 $
      \forall n$
Not a real error.

./Crit_E9rio_20da_20compara_E7_E3o.md.tex:17: Preview: Snippet 12 ended.(455111+0x757460).
<-><->
      
l.17 $\forall n$
                
Not a real error.

[12]
./Crit_E9rio_20da_20compara_E7_E3o.md.tex:18: Preview: Snippet 13 started.
<-><->
      
l.18 $
      L$
Not a real error.

./Crit_E9rio_20da_20compara_E7_E3o.md.tex:18: Preview: Snippet 13 ended.(447828+0x446010).
<-><->
      
l.18 $L$
        
Not a real error.

[13]
./Crit_E9rio_20da_20compara_E7_E3o.md.tex:19: Preview: Snippet 14 started.
<-><->
      
l.19 $
      $
Not a real error.

./Crit_E9rio_20da_20compara_E7_E3o.md.tex:21: Preview: Snippet 14 ended.(1334280+0x22609920).
<-><->
      
l.21 >$$
        
Not a real error.

[14]
./Crit_E9rio_20da_20compara_E7_E3o.md.tex:22: Preview: Snippet 15 started.
<-><->
      
l.22 $
      L$
Not a real error.

./Crit_E9rio_20da_20compara_E7_E3o.md.tex:22: Preview: Snippet 15 ended.(447828+0x446010).
<-><->
      
l.22 $L$
        
Not a real error.

[15]
./Crit_E9rio_20da_20compara_E7_E3o.md.tex:23: Preview: Snippet 16 started.
<-><->
      
l.23 $
      0<L<+\infty$
Not a real error.

./Crit_E9rio_20da_20compara_E7_E3o.md.tex:23: Preview: Snippet 16 ended.(447828+54613x3686390).
<-><->
      
l.23 $0<L<+\infty$
                  
Not a real error.

[16]
./Crit_E9rio_20da_20compara_E7_E3o.md.tex:24: Preview: Snippet 17 started.
<-><->
      
l.24 $
      \displaystyle\sum_{n=1}^{\infty}{a_n}$
Not a real error.

./Crit_E9rio_20da_20compara_E7_E3o.md.tex:24: Preview: Snippet 17 ended.(1082257+830854x1799895).
<-><->
      
l.24 $\displaystyle\sum_{n=1}^{\infty}{a_n}$
                                            
Not a real error.

[17]
./Crit_E9rio_20da_20compara_E7_E3o.md.tex:25: Preview: Snippet 18 started.
<-><->
      
l.25 $
      \iff$
Not a real error.

./Crit_E9rio_20da_20compara_E7_E3o.md.tex:25: Preview: Snippet 18 ended.(240435+0x1565578).
<-><->
      
l.25 $\iff$
           
Not a real error.

[18]
./Crit_E9rio_20da_20compara_E7_E3o.md.tex:26: Preview: Snippet 19 started.
<-><->
      
l.26 $
      \displaystyle\sum_{n=1}^{\infty}{b_n}$
Not a real error.

./Crit_E9rio_20da_20compara_E7_E3o.md.tex:26: Preview: Snippet 19 ended.(1082257+830854x1734737).
<-><->
      
l.26 $\displaystyle\sum_{n=1}^{\infty}{b_n}$
                                            
Not a real error.

[19]
./Crit_E9rio_20da_20compara_E7_E3o.md.tex:27: Preview: Snippet 20 started.
<-><->
      
l.27 $
      L = 0$
Not a real error.

./Crit_E9rio_20da_20compara_E7_E3o.md.tex:27: Preview: Snippet 20 ended.(447828+0x1647497).
<-><->
      
l.27 $L = 0$
            
Not a real error.

[20]
./Crit_E9rio_20da_20compara_E7_E3o.md.tex:28: Preview: Snippet 21 started.
<-><->
      
l.28 $
      \displaystyle\sum_{n=1}^{\infty}{b_n}$
Not a real error.

./Crit_E9rio_20da_20compara_E7_E3o.md.tex:28: Preview: Snippet 21 ended.(1082257+830854x1734737).
<-><->
      
l.28 $\displaystyle\sum_{n=1}^{\infty}{b_n}$
                                            
Not a real error.

[21]
./Crit_E9rio_20da_20compara_E7_E3o.md.tex:29: Preview: Snippet 22 started.
<-><->
      
l.29 $
      \displaystyle\sum_{n=1}^{\infty}{a_n}$
Not a real error.

./Crit_E9rio_20da_20compara_E7_E3o.md.tex:29: Preview: Snippet 22 ended.(1082257+830854x1799895).
<-><->
      
l.29 $\displaystyle\sum_{n=1}^{\infty}{a_n}$
                                            
Not a real error.

[22]
./Crit_E9rio_20da_20compara_E7_E3o.md.tex:30: Preview: Snippet 23 started.
<-><->
      
l.30 $
      L = \infty$
Not a real error.

./Crit_E9rio_20da_20compara_E7_E3o.md.tex:30: Preview: Snippet 23 ended.(447828+0x1975177).
<-><->
      
l.30 $L = \infty$
                 
Not a real error.

[23]
./Crit_E9rio_20da_20compara_E7_E3o.md.tex:31: Preview: Snippet 24 started.
<-><->
      
l.31 $
      \displaystyle\sum_{n=1}^{\infty}{b_n}$
Not a real error.

./Crit_E9rio_20da_20compara_E7_E3o.md.tex:31: Preview: Snippet 24 ended.(1082257+830854x1734737).
<-><->
      
l.31 $\displaystyle\sum_{n=1}^{\infty}{b_n}$
                                            
Not a real error.

[24]
./Crit_E9rio_20da_20compara_E7_E3o.md.tex:32: Preview: Snippet 25 started.
<-><->
      
l.32 $
      \displaystyle\sum_{n=1}^{\infty}{a_n}$
Not a real error.

./Crit_E9rio_20da_20compara_E7_E3o.md.tex:32: Preview: Snippet 25 ended.(1082257+830854x1799895).
<-><->
      
l.32 $\displaystyle\sum_{n=1}^{\infty}{a_n}$
                                            
Not a real error.

[25] ) 
Here is how much of TeX's memory you used:
 351 strings out of 477741
 7296 string characters out of 5849827
 305102 words of memory out of 5000000
 19087 multiletter control sequences out of 15000+600000
 410657 words of font info for 43 fonts, out of 8000000 for 9000
 1141 hyphenation exceptions out of 8191
 57i,4n,62p,237b,59s stack positions out of 5000i,500n,10000p,200000b,80000s
</usr/share/texmf-dist/fonts/type1/public/amsfonts/cm/cmex10.pfb></usr/share/texmf-dist/fonts/type1/public/amsfonts/cm/cmmi10.pfb></usr/share/texmf-dist/fonts/type1/public/amsfonts/cm/cmmi7.pfb></usr/share/texmf-dist/fonts/type1/public/amsfonts/cm/cmr10.pfb></usr/share/texmf-dist/fonts/type1/public/amsfonts/cm/cmr7.pfb></usr/share/texmf-dist/fonts/type1/public/amsfonts/cm/cmsy10.pfb></usr/share/texmf-dist/fonts/type1/public/amsfonts/cm/cmsy7.pfb>
Output written on Crit_E9rio_20da_20compara_E7_E3o.md.pdf (25 pages, 62420 bytes).
PDF statistics:
 113 PDF objects out of 1000 (max. 8388607)
 78 compressed objects within 1 object stream
 0 named destinations out of 1000 (max. 500000)
 1 words of extra memory for PDF output out of 10000 (max. 10000000)

