This is pdfTeX, Version 3.141592653-2.6-1.40.22 (TeX Live 2021/Arch Linux) (preloaded format=prv_Fun_E7_F5es_20de_20v_E1rias_20vari_E1veis.md 2021.10.15)  15 OCT 2021 15:16
entering extended mode
 restricted \write18 enabled.
 file:line:error style messages enabled.
 %&-line parsing enabled.
**&prv_Fun_E7_F5es_20de_20v_E1rias_20vari_E1veis.md /AUCTEXINPUT{ Fun_E7_F5es_20de_20v_E1rias_20vari_E1veis.md.tex }
(./Fun_E7_F5es_20de_20v_E1rias_20vari_E1veis.md.tex (/usr/share/texmf-dist/tex/latex/l3backend/l3backend-pdftex.def
File: l3backend-pdftex.def 2021-03-18 L3 backend support: PDF output (pdfTeX)
\l__color_backend_stack_int=\count199
\l__pdf_internal_box=\box49
)
No file Fun_E7_F5es_20de_20v_E1rias_20vari_E1veis.md.aux.
LaTeX Font Info:    Checking defaults for OML/cmm/m/it on input line 5.
LaTeX Font Info:    ... okay on input line 5.
LaTeX Font Info:    Checking defaults for OMS/cmsy/m/n on input line 5.
LaTeX Font Info:    ... okay on input line 5.
LaTeX Font Info:    Checking defaults for OT1/cmr/m/n on input line 5.
LaTeX Font Info:    ... okay on input line 5.
LaTeX Font Info:    Checking defaults for T1/cmr/m/n on input line 5.
LaTeX Font Info:    ... okay on input line 5.
LaTeX Font Info:    Checking defaults for TS1/cmr/m/n on input line 5.
LaTeX Font Info:    ... okay on input line 5.
LaTeX Font Info:    Checking defaults for OMX/cmex/m/n on input line 5.
LaTeX Font Info:    ... okay on input line 5.
LaTeX Font Info:    Checking defaults for U/cmr/m/n on input line 5.
LaTeX Font Info:    ... okay on input line 5.
(/home/padawan/.config/emacs/straight/build/auctex/latex/preview.sty
Package: preview 2017/04/24 12.3 (AUCTeX/preview-latex)
 (/usr/share/texmf-dist/tex/generic/luatex85/luatex85.sty
Package: luatex85 2016/06/15 v1.4 pdftex aliases for luatex
) (/home/padawan/.config/emacs/straight/build/auctex/latex/prtightpage.def
\PreviewBorder=\dimen148
) (/home/padawan/.config/emacs/straight/build/auctex/latex/prauctex.def
No auxiliary output files.


\hbadness=\count266
\hfuzz=\dimen149
(/home/padawan/.config/emacs/straight/build/auctex/latex/prauctex.cfg)) (/home/padawan/.config/emacs/straight/build/auctex/latex/prfootnotes.def)
\pr@snippet=\count267
\pr@box=\box50
\pr@output=\toks22

Preview: Fontsize 10pt
Preview: PDFoutput 1
)
./Fun_E7_F5es_20de_20v_E1rias_20vari_E1veis.md.tex:6: Preview: Snippet 1 started.
<-><->
      
l.6 $
     n$
Not a real error.

Preview: Tightpage -32891 -32891 32891 32891
./Fun_E7_F5es_20de_20v_E1rias_20vari_E1veis.md.tex:6: Preview: Snippet 1 ended.(282168+0x393370).
<-><->
      
l.6 $n$
       
Not a real error.

[1{/var/lib/texmf/fonts/map/pdftex/updmap/pdftex.map}]
./Fun_E7_F5es_20de_20v_E1rias_20vari_E1veis.md.tex:7: Preview: Snippet 2 started.
<-><->
      
l.7 $
     f: A \to \mathbb{R}$
Not a real error.

./Fun_E7_F5es_20de_20v_E1rias_20vari_E1veis.md.tex:7: Preview: Snippet 2 ended.(455111+127431x2921801).
<-><->
      
l.7 $f: A \to \mathbb{R}$
                         
Not a real error.

[2]
./Fun_E7_F5es_20de_20v_E1rias_20vari_E1veis.md.tex:8: Preview: Snippet 3 started.
<-><->
      
l.8 $
     A$
Not a real error.

./Fun_E7_F5es_20de_20v_E1rias_20vari_E1veis.md.tex:8: Preview: Snippet 3 ended.(447828+0x491521).
<-><->
      
l.8 $A$
       
Not a real error.

[3]
./Fun_E7_F5es_20de_20v_E1rias_20vari_E1veis.md.tex:9: Preview: Snippet 4 started.
<-><->
      
l.9 $
     \mathbb{R}^2$
Not a real error.

./Fun_E7_F5es_20de_20v_E1rias_20vari_E1veis.md.tex:9: Preview: Snippet 4 ended.(533465+0x767319).
<-><->
      
l.9 $\mathbb{R}^2$
                  
Not a real error.

[4]
./Fun_E7_F5es_20de_20v_E1rias_20vari_E1veis.md.tex:10: Preview: Snippet 5 started.
<-><->
      
l.10 $
      f$
Not a real error.

./Fun_E7_F5es_20de_20v_E1rias_20vari_E1veis.md.tex:10: Preview: Snippet 5 ended.(455111+127431x391398).
<-><->
      
l.10 $f$
        
Not a real error.

[5]
./Fun_E7_F5es_20de_20v_E1rias_20vari_E1veis.md.tex:11: Preview: Snippet 6 started.
<-><->
      
l.11 $
      D_f$
Not a real error.

./Fun_E7_F5es_20de_20v_E1rias_20vari_E1veis.md.tex:11: Preview: Snippet 6 ended.(447828+187504x882327).
<-><->
      
l.11 $D_f$
          
Not a real error.

[6]
./Fun_E7_F5es_20de_20v_E1rias_20vari_E1veis.md.tex:12: Preview: Snippet 7 started.
<-><->
      
l.12 $
      (x,y) \in A$
Not a real error.

./Fun_E7_F5es_20de_20v_E1rias_20vari_E1veis.md.tex:12: Preview: Snippet 7 ended.(491520+163840x2812884).
<-><->
      
l.12 $(x,y) \in A$
                  
Not a real error.

[7]
./Fun_E7_F5es_20de_20v_E1rias_20vari_E1veis.md.tex:13: Preview: Snippet 8 started.
<-><->
      
l.13 $
      f (x, y) \in \mathbb{R}$
Not a real error.

./Fun_E7_F5es_20de_20v_E1rias_20vari_E1veis.md.tex:13: Preview: Snippet 8 ended.(491520+163840x3186077).
<-><->
      
l.13 $f (x, y) \in \mathbb{R}$
                              
Not a real error.

[8]
./Fun_E7_F5es_20de_20v_E1rias_20vari_E1veis.md.tex:14: Preview: Snippet 9 started.
<-><->
      
l.14 $
      f$
Not a real error.

./Fun_E7_F5es_20de_20v_E1rias_20vari_E1veis.md.tex:14: Preview: Snippet 9 ended.(455111+127431x391398).
<-><->
      
l.14 $f$
        
Not a real error.

[9]
./Fun_E7_F5es_20de_20v_E1rias_20vari_E1veis.md.tex:15: Preview: Snippet 10 started.
<-><->
      
l.15 $
      $
Not a real error.

./Fun_E7_F5es_20de_20v_E1rias_20vari_E1veis.md.tex:17: Preview: Snippet 10 ended.(973936+0x22609920).
<-><->
      
l.17 $$
       
Not a real error.

[10]
./Fun_E7_F5es_20de_20v_E1rias_20vari_E1veis.md.tex:18: Preview: Snippet 11 started.
<-><->
      
l.18 $
      z = f (x, y), (x, y) \in A$
Not a real error.

./Fun_E7_F5es_20de_20v_E1rias_20vari_E1veis.md.tex:18: Preview: Snippet 11 ended.(491520+163840x6223330).
<-><->
      
l.18 $z = f (x, y), (x, y) \in A$
                                 
Not a real error.

[11]
./Fun_E7_F5es_20de_20v_E1rias_20vari_E1veis.md.tex:19: Preview: Snippet 12 started.
<-><->
      
l.19 $
      f$
Not a real error.

./Fun_E7_F5es_20de_20v_E1rias_20vari_E1veis.md.tex:19: Preview: Snippet 12 ended.(455111+127431x391398).
<-><->
      
l.19 $f$
        
Not a real error.

[12]
./Fun_E7_F5es_20de_20v_E1rias_20vari_E1veis.md.tex:20: Preview: Snippet 13 started.
<-><->
      
l.20 $
      $
Not a real error.

./Fun_E7_F5es_20de_20v_E1rias_20vari_E1veis.md.tex:22: Preview: Snippet 13 ended.(973936+0x22609920).
<-><->
      
l.22 $$
       
Not a real error.

[13]
./Fun_E7_F5es_20de_20v_E1rias_20vari_E1veis.md.tex:23: Preview: Snippet 14 started.
<-><->
      
l.23 $
      f$
Not a real error.

./Fun_E7_F5es_20de_20v_E1rias_20vari_E1veis.md.tex:23: Preview: Snippet 14 ended.(455111+127431x391398).
<-><->
      
l.23 $f$
        
Not a real error.

[14]
./Fun_E7_F5es_20de_20v_E1rias_20vari_E1veis.md.tex:24: Preview: Snippet 15 started.
<-><->
      
l.24 $
      (x,y)$
Not a real error.

./Fun_E7_F5es_20de_20v_E1rias_20vari_E1veis.md.tex:24: Preview: Snippet 15 ended.(491520+163840x1520375).
<-><->
      
l.24 $(x,y)$
            
Not a real error.

[15]
./Fun_E7_F5es_20de_20v_E1rias_20vari_E1veis.md.tex:25: Preview: Snippet 16 started.
<-><->
      
l.25 $
      (x,y) \in D_f$
Not a real error.

./Fun_E7_F5es_20de_20v_E1rias_20vari_E1veis.md.tex:25: Preview: Snippet 16 ended.(491520+187504x3203690).
<-><->
      
l.25 $(x,y) \in D_f$
                    
Not a real error.

[16]
./Fun_E7_F5es_20de_20v_E1rias_20vari_E1veis.md.tex:26: Preview: Snippet 17 started.
<-><->
      
l.26 $
      f (x,y) = c$
Not a real error.

./Fun_E7_F5es_20de_20v_E1rias_20vari_E1veis.md.tex:26: Preview: Snippet 17 ended.(491520+163840x3069190).
<-><->
      
l.26 $f (x,y) = c$
                  
Not a real error.

[17]
./Fun_E7_F5es_20de_20v_E1rias_20vari_E1veis.md.tex:27: Preview: Snippet 18 started.
<-><->
      
l.27 $
      c$
Not a real error.

./Fun_E7_F5es_20de_20v_E1rias_20vari_E1veis.md.tex:27: Preview: Snippet 18 ended.(282168+0x283611).
<-><->
      
l.27 $c$
        
Not a real error.

[18]
./Fun_E7_F5es_20de_20v_E1rias_20vari_E1veis.md.tex:28: Preview: Snippet 19 started.
<-><->
      
l.28 $
      f$
Not a real error.

./Fun_E7_F5es_20de_20v_E1rias_20vari_E1veis.md.tex:28: Preview: Snippet 19 ended.(455111+127431x391398).
<-><->
      
l.28 $f$
        
Not a real error.

[19]
./Fun_E7_F5es_20de_20v_E1rias_20vari_E1veis.md.tex:29: Preview: Snippet 20 started.
<-><->
      
l.29 $
      c$
Not a real error.

./Fun_E7_F5es_20de_20v_E1rias_20vari_E1veis.md.tex:29: Preview: Snippet 20 ended.(282168+0x283611).
<-><->
      
l.29 $c$
        
Not a real error.

[20]
./Fun_E7_F5es_20de_20v_E1rias_20vari_E1veis.md.tex:30: Preview: Snippet 21 started.
<-><->
      
l.30 $
      f$
Not a real error.

./Fun_E7_F5es_20de_20v_E1rias_20vari_E1veis.md.tex:30: Preview: Snippet 21 ended.(455111+127431x391398).
<-><->
      
l.30 $f$
        
Not a real error.

[21]
./Fun_E7_F5es_20de_20v_E1rias_20vari_E1veis.md.tex:31: Preview: Snippet 22 started.
<-><->
      
l.31 $
      \mathbb{R}^3$
Not a real error.

./Fun_E7_F5es_20de_20v_E1rias_20vari_E1veis.md.tex:31: Preview: Snippet 22 ended.(533465+0x767319).
<-><->
      
l.31 $\mathbb{R}^3$
                   
Not a real error.

[22]
./Fun_E7_F5es_20de_20v_E1rias_20vari_E1veis.md.tex:32: Preview: Snippet 23 started.
<-><->
      
l.32 $
      f$
Not a real error.

./Fun_E7_F5es_20de_20v_E1rias_20vari_E1veis.md.tex:32: Preview: Snippet 23 ended.(455111+127431x391398).
<-><->
      
l.32 $f$
        
Not a real error.

[23]
./Fun_E7_F5es_20de_20v_E1rias_20vari_E1veis.md.tex:33: Preview: Snippet 24 started.
<-><->
      
l.33 $
      \mathbb{R}^2$
Not a real error.

./Fun_E7_F5es_20de_20v_E1rias_20vari_E1veis.md.tex:33: Preview: Snippet 24 ended.(533465+0x767319).
<-><->
      
l.33 $\mathbb{R}^2$
                   
Not a real error.

[24] ) 
Here is how much of TeX's memory you used:
 355 strings out of 477741
 7436 string characters out of 5849754
 305129 words of memory out of 5000000
 19089 multiletter control sequences out of 15000+600000
 412191 words of font info for 45 fonts, out of 8000000 for 9000
 1141 hyphenation exceptions out of 8191
 57i,4n,62p,255b,105s stack positions out of 5000i,500n,10000p,200000b,80000s
{/usr/share/texmf-dist/fonts/enc/dvips/cm-super/cm-super-t1.enc}</usr/share/texmf-dist/fonts/type1/public/amsfonts/cm/cmmi10.pfb></usr/share/texmf-dist/fonts/type1/public/amsfonts/cm/cmmi7.pfb></usr/share/texmf-dist/fonts/type1/public/amsfonts/cm/cmr10.pfb></usr/share/texmf-dist/fonts/type1/public/amsfonts/cm/cmr7.pfb></usr/share/texmf-dist/fonts/type1/public/amsfonts/cm/cmsy10.pfb></usr/share/texmf-dist/fonts/type1/public/amsfonts/symbols/msbm10.pfb></usr/share/texmf-dist/fonts/type1/public/cm-super/sfrm1000.pfb>
Output written on Fun_E7_F5es_20de_20v_E1rias_20vari_E1veis.md.pdf (24 pages, 57286 bytes).
PDF statistics:
 110 PDF objects out of 1000 (max. 8388607)
 76 compressed objects within 1 object stream
 0 named destinations out of 1000 (max. 500000)
 1 words of extra memory for PDF output out of 10000 (max. 10000000)

