This is pdfTeX, Version 3.141592653-2.6-1.40.22 (TeX Live 2021/Arch Linux) (preloaded format=prv_M_E9todos_20de_20escalonamento.md 2021.10.4)  4 OCT 2021 20:04
entering extended mode
 restricted \write18 enabled.
 file:line:error style messages enabled.
 %&-line parsing enabled.
**&prv_M_E9todos_20de_20escalonamento.md /AUCTEXINPUT{ M_E9todos_20de_20escalonamento.md.tex }
(./M_E9todos_20de_20escalonamento.md.tex (/usr/share/texmf-dist/tex/latex/l3backend/l3backend-pdftex.def
File: l3backend-pdftex.def 2021-03-18 L3 backend support: PDF output (pdfTeX)
\l__color_backend_stack_int=\count199
\l__pdf_internal_box=\box49
)
No file M_E9todos_20de_20escalonamento.md.aux.
LaTeX Font Info:    Checking defaults for OML/cmm/m/it on input line 5.
LaTeX Font Info:    ... okay on input line 5.
LaTeX Font Info:    Checking defaults for OMS/cmsy/m/n on input line 5.
LaTeX Font Info:    ... okay on input line 5.
LaTeX Font Info:    Checking defaults for OT1/cmr/m/n on input line 5.
LaTeX Font Info:    ... okay on input line 5.
LaTeX Font Info:    Checking defaults for T1/cmr/m/n on input line 5.
LaTeX Font Info:    ... okay on input line 5.
LaTeX Font Info:    Checking defaults for TS1/cmr/m/n on input line 5.
LaTeX Font Info:    ... okay on input line 5.
LaTeX Font Info:    Checking defaults for OMX/cmex/m/n on input line 5.
LaTeX Font Info:    ... okay on input line 5.
LaTeX Font Info:    Checking defaults for U/cmr/m/n on input line 5.
LaTeX Font Info:    ... okay on input line 5.
(/home/padawan/.emacs.d/straight/build/auctex/latex/preview.sty
Package: preview 2017/04/24 12.3 (AUCTeX/preview-latex)
 (/usr/share/texmf-dist/tex/generic/luatex85/luatex85.sty
Package: luatex85 2016/06/15 v1.4 pdftex aliases for luatex
) (/home/padawan/.emacs.d/straight/build/auctex/latex/prtightpage.def
\PreviewBorder=\dimen148
) (/home/padawan/.emacs.d/straight/build/auctex/latex/prauctex.def
No auxiliary output files.


\hbadness=\count266
\hfuzz=\dimen149
(/home/padawan/.emacs.d/straight/build/auctex/latex/prauctex.cfg)) (/home/padawan/.emacs.d/straight/build/auctex/latex/prfootnotes.def)
\pr@snippet=\count267
\pr@box=\box50
\pr@output=\toks22

Preview: Fontsize 10pt
Preview: PDFoutput 1
)
./M_E9todos_20de_20escalonamento.md.tex:6: Preview: Snippet 1 started.
<-><->
      
l.6 $
     $
Not a real error.

Preview: Tightpage -32891 -32891 32891 32891
./M_E9todos_20de_20escalonamento.md.tex:14: Preview: Snippet 1 ended.(4433860+0x22609920).
<-><->
      
l.14 $$
       
Not a real error.

[1{/var/lib/texmf/fonts/map/pdftex/updmap/pdftex.map}]
./M_E9todos_20de_20escalonamento.md.tex:15: Preview: Snippet 2 started.
<-><->
      
l.15 $
      $
Not a real error.

./M_E9todos_20de_20escalonamento.md.tex:21: Preview: Snippet 2 ended.(2896681+0x22609920).
<-><->
      
l.21 $$
       
Not a real error.

[2]
./M_E9todos_20de_20escalonamento.md.tex:22: Preview: Snippet 3 started.
<-><->
      
l.22 $
      $
Not a real error.


./M_E9todos_20de_20escalonamento.md.tex:27: Package amsmath Error: Erroneous nesting of equation structures;
(amsmath)                trying to recover with `aligned'.

See the amsmath package documentation for explanation.
Type  H <return>  for immediate help.
 ...                                              
                                                  
l.27 \end{align}
                
Try typing  <return>  to proceed.
If that doesn't work, type  X <return>  to quit.

./M_E9todos_20de_20escalonamento.md.tex:28: Preview: Snippet 3 ended.(3412396+0x22609920).
<-><->
      
l.28 $$
       
Not a real error.

[3]
./M_E9todos_20de_20escalonamento.md.tex:29: Preview: Snippet 4 started.
<-><->
      
l.29 $
      L_i \longleftrightarrow L_j$
Not a real error.

./M_E9todos_20de_20escalonamento.md.tex:29: Preview: Snippet 4 ended.(447828+187504x2951926).
<-><->
      
l.29 $L_i \longleftrightarrow L_j$
                                  
Not a real error.

[4]
./M_E9todos_20de_20escalonamento.md.tex:30: Preview: Snippet 5 started.
<-><->
      
l.30 $
      \lambda\neq 0$
Not a real error.

./M_E9todos_20de_20escalonamento.md.tex:30: Preview: Snippet 5 ended.(455111+127430x1583782).
<-><->
      
l.30 $\lambda\neq 0$
                    
Not a real error.

[5]
./M_E9todos_20de_20escalonamento.md.tex:31: Preview: Snippet 6 started.
<-><->
      
l.31 $
      L_i \rightarrow \lambda L_i$
Not a real error.

./M_E9todos_20de_20escalonamento.md.tex:31: Preview: Snippet 6 ended.(455111+98303x2730132).
<-><->
      
l.31 $L_i \rightarrow \lambda L_i$
                                  
Not a real error.

[6]
./M_E9todos_20de_20escalonamento.md.tex:32: Preview: Snippet 7 started.
<-><->
      
l.32 $
      L_i \rightarrow L_i + \lambda L_k$
Not a real error.

./M_E9todos_20de_20escalonamento.md.tex:32: Preview: Snippet 7 ended.(455111+98303x4299580).
<-><->
      
l.32 $L_i \rightarrow L_i + \lambda L_k$
                                        
Not a real error.

[7]
./M_E9todos_20de_20escalonamento.md.tex:33: Preview: Snippet 8 started.
<-><->
      
l.33 $
      M$
Not a real error.

./M_E9todos_20de_20escalonamento.md.tex:33: Preview: Snippet 8 ended.(447828+0x707242).
<-><->
      
l.33 $M$
        
Not a real error.

[8]
./M_E9todos_20de_20escalonamento.md.tex:34: Preview: Snippet 9 started.
<-><->
      
l.34 $
      c_1$
Not a real error.

./M_E9todos_20de_20escalonamento.md.tex:34: Preview: Snippet 9 ended.(282168+98303x577614).
<-><->
      
l.34 $c_1$
          
Not a real error.

[9]
./M_E9todos_20de_20escalonamento.md.tex:35: Preview: Snippet 10 started.
<-><->
      
l.35 $
      M$
Not a real error.

./M_E9todos_20de_20escalonamento.md.tex:35: Preview: Snippet 10 ended.(447828+0x707242).
<-><->
      
l.35 $M$
        
Not a real error.

[10]
./M_E9todos_20de_20escalonamento.md.tex:36: Preview: Snippet 11 started.
<-><->
      
l.36 $
      c_1$
Not a real error.

./M_E9todos_20de_20escalonamento.md.tex:36: Preview: Snippet 11 ended.(282168+98303x577614).
<-><->
      
l.36 $c_1$
          
Not a real error.

[11]
./M_E9todos_20de_20escalonamento.md.tex:37: Preview: Snippet 12 started.
<-><->
      
l.37 $
      L_i \rightarrow L_i - \frac{M_{ic_i}}{M_{1c_i}}\cdot L_i$
Not a real error.

./M_E9todos_20de_20escalonamento.md.tex:37: Preview: Snippet 12 ended.(687698+397052x5619568).
<-><->
      
l.37 ... L_i - \frac{M_{ic_i}}{M_{1c_i}}\cdot L_i$
                                                  
Not a real error.

[12]
./M_E9todos_20de_20escalonamento.md.tex:38: Preview: Snippet 13 started.
<-><->
      
l.38 $
      i>1$
Not a real error.

./M_E9todos_20de_20escalonamento.md.tex:38: Preview: Snippet 13 ended.(432226+25623x1427267).
<-><->
      
l.38 $i>1$
          
Not a real error.

[13]
./M_E9todos_20de_20escalonamento.md.tex:39: Preview: Snippet 14 started.
<-><->
      
l.39 $
      M^1$
Not a real error.

./M_E9todos_20de_20escalonamento.md.tex:39: Preview: Snippet 14 ended.(533465+0x1001245).
<-><->
      
l.39 $M^1$
          
Not a real error.

[14]
./M_E9todos_20de_20escalonamento.md.tex:40: Preview: Snippet 15 started.
<-><->
      
l.40 $
      c_2$
Not a real error.

./M_E9todos_20de_20escalonamento.md.tex:40: Preview: Snippet 15 ended.(282168+98303x577614).
<-><->
      
l.40 $c_2$
          
Not a real error.

[15]
./M_E9todos_20de_20escalonamento.md.tex:41: Preview: Snippet 16 started.
<-><->
      
l.41 $
      c_k$
Not a real error.

./M_E9todos_20de_20escalonamento.md.tex:41: Preview: Snippet 16 ended.(282168+98303x606059).
<-><->
      
l.41 $c_k$
          
Not a real error.

[16]
./M_E9todos_20de_20escalonamento.md.tex:42: Preview: Snippet 17 started.
<-><->
      
l.42 $
      M^{k-1}$
Not a real error.

./M_E9todos_20de_20escalonamento.md.tex:42: Preview: Snippet 17 ended.(556402+0x1700526).
<-><->
      
l.42 $M^{k-1}$
              
Not a real error.

[17]
./M_E9todos_20de_20escalonamento.md.tex:43: Preview: Snippet 18 started.
<-><->
      
l.43 $
      c_k$
Not a real error.

./M_E9todos_20de_20escalonamento.md.tex:43: Preview: Snippet 18 ended.(282168+98303x606059).
<-><->
      
l.43 $c_k$
          
Not a real error.

[18]
./M_E9todos_20de_20escalonamento.md.tex:44: Preview: Snippet 19 started.
<-><->
      
l.44 $
      k$
Not a real error.

./M_E9todos_20de_20escalonamento.md.tex:44: Preview: Snippet 19 ended.(455111+0x361814).
<-><->
      
l.44 $k$
        
Not a real error.

[19]
./M_E9todos_20de_20escalonamento.md.tex:45: Preview: Snippet 20 started.
<-><->
      
l.45 $
      L_i \rightarrow L_i - \frac{M_{ic_k}}{M_{kc_k}}\cdot L_k$
Not a real error.

./M_E9todos_20de_20escalonamento.md.tex:45: Preview: Snippet 20 ended.(696865+410224x5833434).
<-><->
      
l.45 ... L_i - \frac{M_{ic_k}}{M_{kc_k}}\cdot L_k$
                                                  
Not a real error.

[20]
./M_E9todos_20de_20escalonamento.md.tex:46: Preview: Snippet 21 started.
<-><->
      
l.46 $
      i>k$
Not a real error.

./M_E9todos_20de_20escalonamento.md.tex:46: Preview: Snippet 21 ended.(455111+25623x1461400).
<-><->
      
l.46 $i>k$
          
Not a real error.

[21]
./M_E9todos_20de_20escalonamento.md.tex:47: Preview: Snippet 22 started.
<-><->
      
l.47 $
      E$
Not a real error.

./M_E9todos_20de_20escalonamento.md.tex:47: Preview: Snippet 22 ended.(447828+0x521556).
<-><->
      
l.47 $E$
        
Not a real error.

[22]
./M_E9todos_20de_20escalonamento.md.tex:48: Preview: Snippet 23 started.
<-><->
      
l.48 $
      L_i$
Not a real error.

./M_E9todos_20de_20escalonamento.md.tex:48: Preview: Snippet 23 ended.(447828+98303x664198).
<-><->
      
l.48 $L_i$
          
Not a real error.

[23]
./M_E9todos_20de_20escalonamento.md.tex:49: Preview: Snippet 24 started.
<-><->
      
l.49 $
      \frac{1}{E_{ic_i}}, i \in\{1,2,\dots,r\}$
Not a real error.

./M_E9todos_20de_20escalonamento.md.tex:49: Preview: Snippet 24 ended.(553676+397052x5860309).
<-><->
      
l.49 $\frac{1}{E_{ic_i}}, i \in\{1,2,\dots,r\}$
                                               
Not a real error.

[24] ) 
Here is how much of TeX's memory you used:
 351 strings out of 477741
 7286 string characters out of 5849843
 309096 words of memory out of 5000000
 19087 multiletter control sequences out of 15000+600000
 410657 words of font info for 43 fonts, out of 8000000 for 9000
 1141 hyphenation exceptions out of 8191
 57i,10n,62p,233b,134s stack positions out of 5000i,500n,10000p,200000b,80000s
{/usr/share/texmf-dist/fonts/enc/dvips/cm-super/cm-super-t1.enc}</usr/share/texmf-dist/fonts/type1/public/amsfonts/cm/cmex10.pfb></usr/share/texmf-dist/fonts/type1/public/amsfonts/cm/cmmi10.pfb></usr/share/texmf-dist/fonts/type1/public/amsfonts/cm/cmmi5.pfb></usr/share/texmf-dist/fonts/type1/public/amsfonts/cm/cmmi7.pfb></usr/share/texmf-dist/fonts/type1/public/amsfonts/cm/cmr10.pfb></usr/share/texmf-dist/fonts/type1/public/amsfonts/cm/cmr5.pfb></usr/share/texmf-dist/fonts/type1/public/amsfonts/cm/cmr7.pfb></usr/share/texmf-dist/fonts/type1/public/amsfonts/cm/cmsy10.pfb></usr/share/texmf-dist/fonts/type1/public/amsfonts/cm/cmsy7.pfb></usr/share/texmf-dist/fonts/type1/public/cm-super/sfrm1000.pfb>
Output written on M_E9todos_20de_20escalonamento.md.pdf (24 pages, 89734 bytes).
PDF statistics:
 122 PDF objects out of 1000 (max. 8388607)
 85 compressed objects within 1 object stream
 0 named destinations out of 1000 (max. 500000)
 1 words of extra memory for PDF output out of 10000 (max. 10000000)

