This is pdfTeX, Version 3.141592653-2.6-1.40.22 (TeX Live 2021/Arch Linux) (preloaded format=prv_Opera_E7_F5es_20em_20conjuntos.md 2021.9.17)  17 SEP 2021 10:19
entering extended mode
 restricted \write18 enabled.
 file:line:error style messages enabled.
 %&-line parsing enabled.
**&prv_Opera_E7_F5es_20em_20conjuntos.md /AUCTEXINPUT{ Opera_E7_F5es_20em_20conjuntos.md.tex }
(./Opera_E7_F5es_20em_20conjuntos.md.tex (/usr/share/texmf-dist/tex/latex/l3backend/l3backend-pdftex.def
File: l3backend-pdftex.def 2021-03-18 L3 backend support: PDF output (pdfTeX)
\l__color_backend_stack_int=\count199
\l__pdf_internal_box=\box49
)
No file Opera_E7_F5es_20em_20conjuntos.md.aux.
LaTeX Font Info:    Checking defaults for OML/cmm/m/it on input line 5.
LaTeX Font Info:    ... okay on input line 5.
LaTeX Font Info:    Checking defaults for OMS/cmsy/m/n on input line 5.
LaTeX Font Info:    ... okay on input line 5.
LaTeX Font Info:    Checking defaults for OT1/cmr/m/n on input line 5.
LaTeX Font Info:    ... okay on input line 5.
LaTeX Font Info:    Checking defaults for T1/cmr/m/n on input line 5.
LaTeX Font Info:    ... okay on input line 5.
LaTeX Font Info:    Checking defaults for TS1/cmr/m/n on input line 5.
LaTeX Font Info:    ... okay on input line 5.
LaTeX Font Info:    Checking defaults for OMX/cmex/m/n on input line 5.
LaTeX Font Info:    ... okay on input line 5.
LaTeX Font Info:    Checking defaults for U/cmr/m/n on input line 5.
LaTeX Font Info:    ... okay on input line 5.
(/home/padawan/.emacs.d/elpa/auctex-13.0.14/latex/preview.sty
Package: preview 2017/04/24 12.3 (AUCTeX/preview-latex)
 (/usr/share/texmf-dist/tex/generic/luatex85/luatex85.sty
Package: luatex85 2016/06/15 v1.4 pdftex aliases for luatex
) (/home/padawan/.emacs.d/elpa/auctex-13.0.14/latex/prtightpage.def
\PreviewBorder=\dimen148
) (/home/padawan/.emacs.d/elpa/auctex-13.0.14/latex/prauctex.def
No auxiliary output files.


\hbadness=\count266
\hfuzz=\dimen149
(/home/padawan/.emacs.d/elpa/auctex-13.0.14/latex/prauctex.cfg)) (/home/padawan/.emacs.d/elpa/auctex-13.0.14/latex/prfootnotes.def)
\pr@snippet=\count267
\pr@box=\box50
\pr@output=\toks22

Preview: Fontsize 10pt
Preview: PDFoutput 1
)
./Opera_E7_F5es_20em_20conjuntos.md.tex:6: Preview: Snippet 1 started.
<-><->
      
l.6 $
     A$
Not a real error.

Preview: Tightpage -32891 -32891 32891 32891
./Opera_E7_F5es_20em_20conjuntos.md.tex:6: Preview: Snippet 1 ended.(447828+0x491521).
<-><->
      
l.6 $A$
       
Not a real error.

[1{/var/lib/texmf/fonts/map/pdftex/updmap/pdftex.map}]
./Opera_E7_F5es_20em_20conjuntos.md.tex:7: Preview: Snippet 2 started.
<-><->
      
l.7 $
     B$
Not a real error.

./Opera_E7_F5es_20em_20conjuntos.md.tex:7: Preview: Snippet 2 ended.(447828+0x529977).
<-><->
      
l.7 $B$
       
Not a real error.

[2]
./Opera_E7_F5es_20em_20conjuntos.md.tex:8: Preview: Snippet 3 started.
<-><->
      
l.8 $
     A$
Not a real error.

./Opera_E7_F5es_20em_20conjuntos.md.tex:8: Preview: Snippet 3 ended.(447828+0x491521).
<-><->
      
l.8 $A$
       
Not a real error.

[3]
./Opera_E7_F5es_20em_20conjuntos.md.tex:9: Preview: Snippet 4 started.
<-><->
      
l.9 $
     B$
Not a real error.

./Opera_E7_F5es_20em_20conjuntos.md.tex:9: Preview: Snippet 4 ended.(447828+0x529977).
<-><->
      
l.9 $B$
       
Not a real error.

[4]
./Opera_E7_F5es_20em_20conjuntos.md.tex:10: Preview: Snippet 5 started.
<-><->
      
l.10 $
      $
Not a real error.

./Opera_E7_F5es_20em_20conjuntos.md.tex:12: Preview: Snippet 5 ended.(950272+0x22609920).
<-><->
      
l.12 >$$
        
Not a real error.

[5]
./Opera_E7_F5es_20em_20conjuntos.md.tex:13: Preview: Snippet 6 started.
<-><->
      
l.13 $
      A$
Not a real error.

./Opera_E7_F5es_20em_20conjuntos.md.tex:13: Preview: Snippet 6 ended.(447828+0x491521).
<-><->
      
l.13 $A$
        
Not a real error.

[6]
./Opera_E7_F5es_20em_20conjuntos.md.tex:14: Preview: Snippet 7 started.
<-><->
      
l.14 $
      B$
Not a real error.

./Opera_E7_F5es_20em_20conjuntos.md.tex:14: Preview: Snippet 7 ended.(447828+0x529977).
<-><->
      
l.14 $B$
        
Not a real error.

[7]
./Opera_E7_F5es_20em_20conjuntos.md.tex:15: Preview: Snippet 8 started.
<-><->
      
l.15 $
      A$
Not a real error.

./Opera_E7_F5es_20em_20conjuntos.md.tex:15: Preview: Snippet 8 ended.(447828+0x491521).
<-><->
      
l.15 $A$
        
Not a real error.

[8]
./Opera_E7_F5es_20em_20conjuntos.md.tex:16: Preview: Snippet 9 started.
<-><->
      
l.16 $
      B$
Not a real error.

./Opera_E7_F5es_20em_20conjuntos.md.tex:16: Preview: Snippet 9 ended.(447828+0x529977).
<-><->
      
l.16 $B$
        
Not a real error.

[9]
./Opera_E7_F5es_20em_20conjuntos.md.tex:17: Preview: Snippet 10 started.
<-><->
      
l.17 $
      $
Not a real error.

./Opera_E7_F5es_20em_20conjuntos.md.tex:19: Preview: Snippet 10 ended.(950272+0x22609920).
<-><->
      
l.19 >$$
        
Not a real error.

[10]
./Opera_E7_F5es_20em_20conjuntos.md.tex:20: Preview: Snippet 11 started.
<-><->
      
l.20 $
      A \cap B = \varnothing$
Not a real error.

./Opera_E7_F5es_20em_20conjuntos.md.tex:20: Undefined control sequence.
l.20 $A \cap B = \varnothing
                            $
The control sequence at the end of the top line
of your error message was never \def'ed. If you have
misspelled it (e.g., `\hobx'), type `I' and the correct
spelling (e.g., `I\hbox'). Otherwise just continue,
and I'll forget about whatever was undefined.

./Opera_E7_F5es_20em_20conjuntos.md.tex:20: Preview: Snippet 11 ended.(447828+0x2441436).
<-><->
      
l.20 $A \cap B = \varnothing$
                             
Not a real error.

[11]
./Opera_E7_F5es_20em_20conjuntos.md.tex:21: Preview: Snippet 12 started.
<-><->
      
l.21 $
      A$
Not a real error.

./Opera_E7_F5es_20em_20conjuntos.md.tex:21: Preview: Snippet 12 ended.(447828+0x491521).
<-><->
      
l.21 $A$
        
Not a real error.

[12]
./Opera_E7_F5es_20em_20conjuntos.md.tex:22: Preview: Snippet 13 started.
<-><->
      
l.22 $
      B$
Not a real error.

./Opera_E7_F5es_20em_20conjuntos.md.tex:22: Preview: Snippet 13 ended.(447828+0x529977).
<-><->
      
l.22 $B$
        
Not a real error.

[13]
./Opera_E7_F5es_20em_20conjuntos.md.tex:23: Preview: Snippet 14 started.
<-><->
      
l.23 $
      A$
Not a real error.

./Opera_E7_F5es_20em_20conjuntos.md.tex:23: Preview: Snippet 14 ended.(447828+0x491521).
<-><->
      
l.23 $A$
        
Not a real error.

[14]
./Opera_E7_F5es_20em_20conjuntos.md.tex:24: Preview: Snippet 15 started.
<-><->
      
l.24 $
      A'$
Not a real error.

./Opera_E7_F5es_20em_20conjuntos.md.tex:24: Preview: Snippet 15 ended.(492688+0x675386).
<-><->
      
l.24 $A'$
         
Not a real error.

[15]
./Opera_E7_F5es_20em_20conjuntos.md.tex:25: Preview: Snippet 16 started.
<-><->
      
l.25 $
      \bar{A}$
Not a real error.

./Opera_E7_F5es_20em_20conjuntos.md.tex:25: Preview: Snippet 16 ended.(537758+0x491521).
<-><->
      
l.25 $\bar{A}$
              
Not a real error.

[16]
./Opera_E7_F5es_20em_20conjuntos.md.tex:26: Preview: Snippet 17 started.
<-><->
      
l.26 $
      A^c$
Not a real error.

./Opera_E7_F5es_20em_20conjuntos.md.tex:26: Preview: Snippet 17 ended.(447828+0x758498).
<-><->
      
l.26 $A^c$
          
Not a real error.

[17]
./Opera_E7_F5es_20em_20conjuntos.md.tex:27: Preview: Snippet 18 started.
<-><->
      
l.27 $
      \mathbb{U}$
Not a real error.

./Opera_E7_F5es_20em_20conjuntos.md.tex:27: Preview: Snippet 18 ended.(451470+0x473316).
<-><->
      
l.27 $\mathbb{U}$
                 
Not a real error.

[18]
./Opera_E7_F5es_20em_20conjuntos.md.tex:28: Preview: Snippet 19 started.
<-><->
      
l.28 $
      A$
Not a real error.

./Opera_E7_F5es_20em_20conjuntos.md.tex:28: Preview: Snippet 19 ended.(447828+0x491521).
<-><->
      
l.28 $A$
        
Not a real error.

[19]
./Opera_E7_F5es_20em_20conjuntos.md.tex:29: Preview: Snippet 20 started.
<-><->
      
l.29 $
      $
Not a real error.

./Opera_E7_F5es_20em_20conjuntos.md.tex:31: Preview: Snippet 20 ended.(950272+0x22609920).
<-><->
      
l.31 >$$
        
Not a real error.

[20]
./Opera_E7_F5es_20em_20conjuntos.md.tex:32: Preview: Snippet 21 started.
<-><->
      
l.32 $
      A$
Not a real error.

./Opera_E7_F5es_20em_20conjuntos.md.tex:32: Preview: Snippet 21 ended.(447828+0x491521).
<-><->
      
l.32 $A$
        
Not a real error.

[21]
./Opera_E7_F5es_20em_20conjuntos.md.tex:33: Preview: Snippet 22 started.
<-><->
      
l.33 $
      B$
Not a real error.

./Opera_E7_F5es_20em_20conjuntos.md.tex:33: Preview: Snippet 22 ended.(447828+0x529977).
<-><->
      
l.33 $B$
        
Not a real error.

[22]
./Opera_E7_F5es_20em_20conjuntos.md.tex:34: Preview: Snippet 23 started.
<-><->
      
l.34 $
      A-B$
Not a real error.

./Opera_E7_F5es_20em_20conjuntos.md.tex:34: Preview: Snippet 23 ended.(447828+54613x1822488).
<-><->
      
l.34 $A-B$
          
Not a real error.

[23]
./Opera_E7_F5es_20em_20conjuntos.md.tex:35: Preview: Snippet 24 started.
<-><->
      
l.35 $
      A \setminus B$
Not a real error.

./Opera_E7_F5es_20em_20conjuntos.md.tex:35: Preview: Snippet 24 ended.(491520+163840x1640443).
<-><->
      
l.35 $A \setminus B$
                    
Not a real error.

[24]
./Opera_E7_F5es_20em_20conjuntos.md.tex:36: Preview: Snippet 25 started.
<-><->
      
l.36 $
      A$
Not a real error.

./Opera_E7_F5es_20em_20conjuntos.md.tex:36: Preview: Snippet 25 ended.(447828+0x491521).
<-><->
      
l.36 $A$
        
Not a real error.

[25]
./Opera_E7_F5es_20em_20conjuntos.md.tex:37: Preview: Snippet 26 started.
<-><->
      
l.37 $
      B$
Not a real error.

./Opera_E7_F5es_20em_20conjuntos.md.tex:37: Preview: Snippet 26 ended.(447828+0x529977).
<-><->
      
l.37 $B$
        
Not a real error.

[26]
./Opera_E7_F5es_20em_20conjuntos.md.tex:38: Preview: Snippet 27 started.
<-><->
      
l.38 $
      $
Not a real error.

./Opera_E7_F5es_20em_20conjuntos.md.tex:40: Preview: Snippet 27 ended.(950272+0x22609920).
<-><->
      
l.40 >$$
        
Not a real error.

[27]
./Opera_E7_F5es_20em_20conjuntos.md.tex:41: Preview: Snippet 28 started.
<-><->
      
l.41 $
      A$
Not a real error.

./Opera_E7_F5es_20em_20conjuntos.md.tex:41: Preview: Snippet 28 ended.(447828+0x491521).
<-><->
      
l.41 $A$
        
Not a real error.

[28]
./Opera_E7_F5es_20em_20conjuntos.md.tex:42: Preview: Snippet 29 started.
<-><->
      
l.42 $
      B$
Not a real error.

./Opera_E7_F5es_20em_20conjuntos.md.tex:42: Preview: Snippet 29 ended.(447828+0x529977).
<-><->
      
l.42 $B$
        
Not a real error.

[29]
./Opera_E7_F5es_20em_20conjuntos.md.tex:43: Preview: Snippet 30 started.
<-><->
      
l.43 $
      A$
Not a real error.

./Opera_E7_F5es_20em_20conjuntos.md.tex:43: Preview: Snippet 30 ended.(447828+0x491521).
<-><->
      
l.43 $A$
        
Not a real error.

[30]
./Opera_E7_F5es_20em_20conjuntos.md.tex:44: Preview: Snippet 31 started.
<-><->
      
l.44 $
      B$
Not a real error.

./Opera_E7_F5es_20em_20conjuntos.md.tex:44: Preview: Snippet 31 ended.(447828+0x529977).
<-><->
      
l.44 $B$
        
Not a real error.

[31]
./Opera_E7_F5es_20em_20conjuntos.md.tex:45: Preview: Snippet 32 started.
<-><->
      
l.45 $
      $
Not a real error.

./Opera_E7_F5es_20em_20conjuntos.md.tex:47: Preview: Snippet 32 ended.(950272+0x22609920).
<-><->
      
l.47 >$$
        
Not a real error.

[32]
./Opera_E7_F5es_20em_20conjuntos.md.tex:48: Preview: Snippet 33 started.
<-><->
      
l.48 $
      A$
Not a real error.

./Opera_E7_F5es_20em_20conjuntos.md.tex:48: Preview: Snippet 33 ended.(447828+0x491521).
<-><->
      
l.48 $A$
        
Not a real error.

[33]
./Opera_E7_F5es_20em_20conjuntos.md.tex:49: Preview: Snippet 34 started.
<-><->
      
l.49 $
      B$
Not a real error.

./Opera_E7_F5es_20em_20conjuntos.md.tex:49: Preview: Snippet 34 ended.(447828+0x529977).
<-><->
      
l.49 $B$
        
Not a real error.

[34]
./Opera_E7_F5es_20em_20conjuntos.md.tex:50: Preview: Snippet 35 started.
<-><->
      
l.50 $
      A \times B$
Not a real error.

./Opera_E7_F5es_20em_20conjuntos.md.tex:50: Preview: Snippet 35 ended.(447828+54613x1822488).
<-><->
      
l.50 $A \times B$
                 
Not a real error.

[35]
./Opera_E7_F5es_20em_20conjuntos.md.tex:51: Preview: Snippet 36 started.
<-><->
      
l.51 $
      (a, b)$
Not a real error.

./Opera_E7_F5es_20em_20conjuntos.md.tex:51: Preview: Snippet 36 ended.(491520+163840x1428669).
<-><->
      
l.51 $(a, b)$
             
Not a real error.

[36]
./Opera_E7_F5es_20em_20conjuntos.md.tex:52: Preview: Snippet 37 started.
<-><->
      
l.52 $
      a \in A$
Not a real error.

./Opera_E7_F5es_20em_20conjuntos.md.tex:52: Preview: Snippet 37 ended.(447828+25623x1638925).
<-><->
      
l.52 $a \in A$
              
Not a real error.

[37]
./Opera_E7_F5es_20em_20conjuntos.md.tex:53: Preview: Snippet 38 started.
<-><->
      
l.53 $
      b \in B$
Not a real error.

./Opera_E7_F5es_20em_20conjuntos.md.tex:53: Preview: Snippet 38 ended.(455111+25623x1612223).
<-><->
      
l.53 $b \in B$
              
Not a real error.

[38]
./Opera_E7_F5es_20em_20conjuntos.md.tex:54: Preview: Snippet 39 started.
<-><->
      
l.54 $
      A_1, A_2, \dots, A_n$
Not a real error.

./Opera_E7_F5es_20em_20conjuntos.md.tex:54: Preview: Snippet 39 ended.(447828+127431x4166917).
<-><->
      
l.54 $A_1, A_2, \dots, A_n$
                           
Not a real error.

[39]
./Opera_E7_F5es_20em_20conjuntos.md.tex:55: Preview: Snippet 40 started.
<-><->
      
l.55 $
      (a_1, a_2, \dots, a_n)$
Not a real error.

./Opera_E7_F5es_20em_20conjuntos.md.tex:55: Preview: Snippet 40 ended.(491520+163840x4241328).
<-><->
      
l.55 $(a_1, a_2, \dots, a_n)$
                             
Not a real error.

[40]
./Opera_E7_F5es_20em_20conjuntos.md.tex:56: Preview: Snippet 41 started.
<-><->
      
l.56 $
      a_1 \in A_1, a_2 \in A_2, \dots, a_n \in A_n$
Not a real error.

./Opera_E7_F5es_20em_20conjuntos.md.tex:56: Preview: Snippet 41 ended.(447828+127431x8553869).
<-><->
      
l.56 ... \in A_1, a_2 \in A_2, \dots, a_n \in A_n$
                                                  
Not a real error.

[41]
./Opera_E7_F5es_20em_20conjuntos.md.tex:57: Preview: Snippet 42 started.
<-><->
      
l.57 $
      A_1, A_2, \dots, A_n$
Not a real error.

./Opera_E7_F5es_20em_20conjuntos.md.tex:57: Preview: Snippet 42 ended.(447828+127431x4166917).
<-><->
      
l.57 $A_1, A_2, \dots, A_n$
                           
Not a real error.

[42]
./Opera_E7_F5es_20em_20conjuntos.md.tex:58: Preview: Snippet 43 started.
<-><->
      
l.58 $
      $
Not a real error.

./Opera_E7_F5es_20em_20conjuntos.md.tex:60: Preview: Snippet 43 ended.(1986565+0x22609920).
<-><->
      
l.60 >$$
        
Not a real error.

[43]
./Opera_E7_F5es_20em_20conjuntos.md.tex:61: Preview: Snippet 44 started.
<-><->
      
l.61 $
      A$
Not a real error.

./Opera_E7_F5es_20em_20conjuntos.md.tex:61: Preview: Snippet 44 ended.(447828+0x491521).
<-><->
      
l.61 $A$
        
Not a real error.

[44]
./Opera_E7_F5es_20em_20conjuntos.md.tex:62: Preview: Snippet 45 started.
<-><->
      
l.62 $
      A \times A = A^2$
Not a real error.

./Opera_E7_F5es_20em_20conjuntos.md.tex:62: Preview: Snippet 45 ended.(533465+54613x3443362).
<-><->
      
l.62 $A \times A = A^2$
                       
Not a real error.

[45] ) 
Here is how much of TeX's memory you used:
 359 strings out of 477741
 7346 string characters out of 5849843
 305096 words of memory out of 5000000
 19091 multiletter control sequences out of 15000+600000
 413751 words of font info for 47 fonts, out of 8000000 for 9000
 1141 hyphenation exceptions out of 8191
 57i,4n,62p,233b,126s stack positions out of 5000i,500n,10000p,200000b,80000s
{/usr/share/texmf-dist/fonts/enc/dvips/cm-super/cm-super-t1.enc}</usr/share/texmf-dist/fonts/type1/public/amsfonts/cm/cmex10.pfb></usr/share/texmf-dist/fonts/type1/public/amsfonts/cm/cmmi10.pfb></usr/share/texmf-dist/fonts/type1/public/amsfonts/cm/cmmi7.pfb></usr/share/texmf-dist/fonts/type1/public/amsfonts/cm/cmr10.pfb></usr/share/texmf-dist/fonts/type1/public/amsfonts/cm/cmr7.pfb></usr/share/texmf-dist/fonts/type1/public/amsfonts/cm/cmsy10.pfb></usr/share/texmf-dist/fonts/type1/public/amsfonts/cm/cmsy7.pfb></usr/share/texmf-dist/fonts/type1/public/amsfonts/symbols/msbm10.pfb></usr/share/texmf-dist/fonts/type1/public/cm-super/sfbx1000.pfb>
Output written on Opera_E7_F5es_20em_20conjuntos.md.pdf (45 pages, 69063 bytes).
PDF statistics:
 188 PDF objects out of 1000 (max. 8388607)
 130 compressed objects within 2 object streams
 0 named destinations out of 1000 (max. 500000)
 1 words of extra memory for PDF output out of 10000 (max. 10000000)

