This is pdfTeX, Version 3.141592653-2.6-1.40.22 (TeX Live 2021/Arch Linux) (preloaded format=prv_Propriedades_20das_20autorrela_E7_F5es.md 2021.10.7)  7 OCT 2021 11:49
entering extended mode
 restricted \write18 enabled.
 file:line:error style messages enabled.
 %&-line parsing enabled.
**&prv_Propriedades_20das_20autorrela_E7_F5es.md /AUCTEXINPUT{ Propriedades_20das_20autorrela_E7_F5es.md.tex }
(./Propriedades_20das_20autorrela_E7_F5es.md.tex (/usr/share/texmf-dist/tex/latex/l3backend/l3backend-pdftex.def
File: l3backend-pdftex.def 2021-03-18 L3 backend support: PDF output (pdfTeX)
\l__color_backend_stack_int=\count199
\l__pdf_internal_box=\box49
)
No file Propriedades_20das_20autorrela_E7_F5es.md.aux.
LaTeX Font Info:    Checking defaults for OML/cmm/m/it on input line 5.
LaTeX Font Info:    ... okay on input line 5.
LaTeX Font Info:    Checking defaults for OMS/cmsy/m/n on input line 5.
LaTeX Font Info:    ... okay on input line 5.
LaTeX Font Info:    Checking defaults for OT1/cmr/m/n on input line 5.
LaTeX Font Info:    ... okay on input line 5.
LaTeX Font Info:    Checking defaults for T1/cmr/m/n on input line 5.
LaTeX Font Info:    ... okay on input line 5.
LaTeX Font Info:    Checking defaults for TS1/cmr/m/n on input line 5.
LaTeX Font Info:    ... okay on input line 5.
LaTeX Font Info:    Checking defaults for OMX/cmex/m/n on input line 5.
LaTeX Font Info:    ... okay on input line 5.
LaTeX Font Info:    Checking defaults for U/cmr/m/n on input line 5.
LaTeX Font Info:    ... okay on input line 5.
(/home/padawan/.emacs.d/straight/build/auctex/latex/preview.sty
Package: preview 2017/04/24 12.3 (AUCTeX/preview-latex)
 (/usr/share/texmf-dist/tex/generic/luatex85/luatex85.sty
Package: luatex85 2016/06/15 v1.4 pdftex aliases for luatex
) (/home/padawan/.emacs.d/straight/build/auctex/latex/prtightpage.def
\PreviewBorder=\dimen148
) (/home/padawan/.emacs.d/straight/build/auctex/latex/prauctex.def
No auxiliary output files.


\hbadness=\count266
\hfuzz=\dimen149
(/home/padawan/.emacs.d/straight/build/auctex/latex/prauctex.cfg)) (/home/padawan/.emacs.d/straight/build/auctex/latex/prfootnotes.def)
\pr@snippet=\count267
\pr@box=\box50
\pr@output=\toks22

Preview: Fontsize 10pt
Preview: PDFoutput 1
)
./Propriedades_20das_20autorrela_E7_F5es.md.tex:6: Preview: Snippet 1 started.
<-><->
      
l.6 $
     R$
Not a real error.

Preview: Tightpage -32891 -32891 32891 32891
./Propriedades_20das_20autorrela_E7_F5es.md.tex:6: Preview: Snippet 1 ended.(447828+0x502671).
<-><->
      
l.6 $R$
       
Not a real error.

[1{/var/lib/texmf/fonts/map/pdftex/updmap/pdftex.map}]
./Propriedades_20das_20autorrela_E7_F5es.md.tex:7: Preview: Snippet 2 started.
<-><->
      
l.7 $
     A$
Not a real error.

./Propriedades_20das_20autorrela_E7_F5es.md.tex:7: Preview: Snippet 2 ended.(447828+0x491521).
<-><->
      
l.7 $A$
       
Not a real error.

[2]
./Propriedades_20das_20autorrela_E7_F5es.md.tex:8: Preview: Snippet 3 started.
<-><->
      
l.8 $
     R$
Not a real error.

./Propriedades_20das_20autorrela_E7_F5es.md.tex:8: Preview: Snippet 3 ended.(447828+0x502671).
<-><->
      
l.8 $R$
       
Not a real error.

[3]
./Propriedades_20das_20autorrela_E7_F5es.md.tex:9: Preview: Snippet 4 started.
<-><->
      
l.9 $
     x \in A$
Not a real error.

./Propriedades_20das_20autorrela_E7_F5es.md.tex:9: Preview: Snippet 4 ended.(447828+25623x1667065).
<-><->
      
l.9 $x \in A$
             
Not a real error.

[4]
./Propriedades_20das_20autorrela_E7_F5es.md.tex:10: Preview: Snippet 5 started.
<-><->
      
l.10 $
      x R x$
Not a real error.

./Propriedades_20das_20autorrela_E7_F5es.md.tex:10: Preview: Snippet 5 ended.(447828+0x1251783).
<-><->
      
l.10 $x R x$
            
Not a real error.

[5]
./Propriedades_20das_20autorrela_E7_F5es.md.tex:11: Preview: Snippet 6 started.
<-><->
      
l.11 $
      A$
Not a real error.

./Propriedades_20das_20autorrela_E7_F5es.md.tex:11: Preview: Snippet 6 ended.(447828+0x491521).
<-><->
      
l.11 $A$
        
Not a real error.

[6]
./Propriedades_20das_20autorrela_E7_F5es.md.tex:12: Preview: Snippet 7 started.
<-><->
      
l.12 $
      R$
Not a real error.

./Propriedades_20das_20autorrela_E7_F5es.md.tex:12: Preview: Snippet 7 ended.(447828+0x502671).
<-><->
      
l.12 $R$
        
Not a real error.

[7]
./Propriedades_20das_20autorrela_E7_F5es.md.tex:13: Preview: Snippet 8 started.
<-><->
      
l.13 $
      A$
Not a real error.

./Propriedades_20das_20autorrela_E7_F5es.md.tex:13: Preview: Snippet 8 ended.(447828+0x491521).
<-><->
      
l.13 $A$
        
Not a real error.

[8]
./Propriedades_20das_20autorrela_E7_F5es.md.tex:14: Preview: Snippet 9 started.
<-><->
      
l.14 $
      R$
Not a real error.

./Propriedades_20das_20autorrela_E7_F5es.md.tex:14: Preview: Snippet 9 ended.(447828+0x502671).
<-><->
      
l.14 $R$
        
Not a real error.

[9]
./Propriedades_20das_20autorrela_E7_F5es.md.tex:15: Preview: Snippet 10 started.
<-><->
      
l.15 $
      x \in A$
Not a real error.

./Propriedades_20das_20autorrela_E7_F5es.md.tex:15: Preview: Snippet 10 ended.(447828+25623x1667065).
<-><->
      
l.15 $x \in A$
              
Not a real error.

[10]
./Propriedades_20das_20autorrela_E7_F5es.md.tex:16: Preview: Snippet 11 started.
<-><->
      
l.16 $
      x \not{R} x$
Not a real error.

./Propriedades_20das_20autorrela_E7_F5es.md.tex:16: Preview: Snippet 11 ended.(455111+127430x1615863).
<-><->
      
l.16 $x \not{R} x$
                  
Not a real error.

[11]
./Propriedades_20das_20autorrela_E7_F5es.md.tex:17: Preview: Snippet 12 started.
<-><->
      
l.17 $
      A$
Not a real error.

./Propriedades_20das_20autorrela_E7_F5es.md.tex:17: Preview: Snippet 12 ended.(447828+0x491521).
<-><->
      
l.17 $A$
        
Not a real error.

[12]
./Propriedades_20das_20autorrela_E7_F5es.md.tex:18: Preview: Snippet 13 started.
<-><->
      
l.18 $
      R$
Not a real error.

./Propriedades_20das_20autorrela_E7_F5es.md.tex:18: Preview: Snippet 13 ended.(447828+0x502671).
<-><->
      
l.18 $R$
        
Not a real error.

[13]
./Propriedades_20das_20autorrela_E7_F5es.md.tex:19: Preview: Snippet 14 started.
<-><->
      
l.19 $
      A$
Not a real error.

./Propriedades_20das_20autorrela_E7_F5es.md.tex:19: Preview: Snippet 14 ended.(447828+0x491521).
<-><->
      
l.19 $A$
        
Not a real error.

[14]
./Propriedades_20das_20autorrela_E7_F5es.md.tex:20: Preview: Snippet 15 started.
<-><->
      
l.20 $
      R$
Not a real error.

./Propriedades_20das_20autorrela_E7_F5es.md.tex:20: Preview: Snippet 15 ended.(447828+0x502671).
<-><->
      
l.20 $R$
        
Not a real error.

[15]
./Propriedades_20das_20autorrela_E7_F5es.md.tex:21: Preview: Snippet 16 started.
<-><->
      
l.21 $
      x, y \in A$
Not a real error.

./Propriedades_20das_20autorrela_E7_F5es.md.tex:21: Preview: Snippet 16 ended.(447828+127431x2303158).
<-><->
      
l.21 $x, y \in A$
                 
Not a real error.

[16]
./Propriedades_20das_20autorrela_E7_F5es.md.tex:22: Preview: Snippet 17 started.
<-><->
      
l.22 $
      x R y \implies y R x$
Not a real error.

./Propriedades_20das_20autorrela_E7_F5es.md.tex:22: Preview: Snippet 17 ended.(447828+127431x4228125).
<-><->
      
l.22 $x R y \implies y R x$
                           
Not a real error.

[17]
./Propriedades_20das_20autorrela_E7_F5es.md.tex:23: Preview: Snippet 18 started.
<-><->
      
l.23 $
      R$
Not a real error.

./Propriedades_20das_20autorrela_E7_F5es.md.tex:23: Preview: Snippet 18 ended.(447828+0x502671).
<-><->
      
l.23 $R$
        
Not a real error.

[18]
./Propriedades_20das_20autorrela_E7_F5es.md.tex:24: Preview: Snippet 19 started.
<-><->
      
l.24 $
      A$
Not a real error.

./Propriedades_20das_20autorrela_E7_F5es.md.tex:24: Preview: Snippet 19 ended.(447828+0x491521).
<-><->
      
l.24 $A$
        
Not a real error.

[19]
./Propriedades_20das_20autorrela_E7_F5es.md.tex:25: Preview: Snippet 20 started.
<-><->
      
l.25 $
      R$
Not a real error.

./Propriedades_20das_20autorrela_E7_F5es.md.tex:25: Preview: Snippet 20 ended.(447828+0x502671).
<-><->
      
l.25 $R$
        
Not a real error.

[20]
./Propriedades_20das_20autorrela_E7_F5es.md.tex:26: Preview: Snippet 21 started.
<-><->
      
l.26 $
      x, y \in A$
Not a real error.

./Propriedades_20das_20autorrela_E7_F5es.md.tex:26: Preview: Snippet 21 ended.(447828+127431x2303158).
<-><->
      
l.26 $x, y \in A$
                 
Not a real error.

[21]
./Propriedades_20das_20autorrela_E7_F5es.md.tex:27: Preview: Snippet 22 started.
<-><->
      
l.27 $
      x R y \land y R x \implies x = y$
Not a real error.

./Propriedades_20das_20autorrela_E7_F5es.md.tex:27: Preview: Snippet 22 ended.(447828+127431x6549483).
<-><->
      
l.27 $x R y \land y R x \implies x = y$
                                       
Not a real error.

[22]
./Propriedades_20das_20autorrela_E7_F5es.md.tex:28: Preview: Snippet 23 started.
<-><->
      
l.28 $
      R$
Not a real error.

./Propriedades_20das_20autorrela_E7_F5es.md.tex:28: Preview: Snippet 23 ended.(447828+0x502671).
<-><->
      
l.28 $R$
        
Not a real error.

[23]
./Propriedades_20das_20autorrela_E7_F5es.md.tex:29: Preview: Snippet 24 started.
<-><->
      
l.29 $
      A$
Not a real error.

./Propriedades_20das_20autorrela_E7_F5es.md.tex:29: Preview: Snippet 24 ended.(447828+0x491521).
<-><->
      
l.29 $A$
        
Not a real error.

[24]
./Propriedades_20das_20autorrela_E7_F5es.md.tex:30: Preview: Snippet 25 started.
<-><->
      
l.30 $
      R$
Not a real error.

./Propriedades_20das_20autorrela_E7_F5es.md.tex:30: Preview: Snippet 25 ended.(447828+0x502671).
<-><->
      
l.30 $R$
        
Not a real error.

[25]
./Propriedades_20das_20autorrela_E7_F5es.md.tex:31: Preview: Snippet 26 started.
<-><->
      
l.31 $
      x, y, z \in A$
Not a real error.

./Propriedades_20das_20autorrela_E7_F5es.md.tex:31: Preview: Snippet 26 ended.(447828+127431x2928025).
<-><->
      
l.31 $x, y, z \in A$
                    
Not a real error.

[26]
./Propriedades_20das_20autorrela_E7_F5es.md.tex:32: Preview: Snippet 27 started.
<-><->
      
l.32 $
      x R y \land y R z \implies x R z$
Not a real error.

./Propriedades_20das_20autorrela_E7_F5es.md.tex:32: Preview: Snippet 27 ended.(447828+127431x6126164).
<-><->
      
l.32 $x R y \land y R z \implies x R z$
                                       
Not a real error.

[27] ) 
Here is how much of TeX's memory you used:
 351 strings out of 477741
 7326 string characters out of 5849779
 305120 words of memory out of 5000000
 19087 multiletter control sequences out of 15000+600000
 410657 words of font info for 43 fonts, out of 8000000 for 9000
 1141 hyphenation exceptions out of 8191
 57i,4n,62p,249b,56s stack positions out of 5000i,500n,10000p,200000b,80000s
</usr/share/texmf-dist/fonts/type1/public/amsfonts/cm/cmmi10.pfb></usr/share/texmf-dist/fonts/type1/public/amsfonts/cm/cmr10.pfb></usr/share/texmf-dist/fonts/type1/public/amsfonts/cm/cmsy10.pfb>
Output written on Propriedades_20das_20autorrela_E7_F5es.md.pdf (27 pages, 29009 bytes).
PDF statistics:
 103 PDF objects out of 1000 (max. 8388607)
 70 compressed objects within 1 object stream
 0 named destinations out of 1000 (max. 500000)
 1 words of extra memory for PDF output out of 10000 (max. 10000000)

