This is pdfTeX, Version 3.141592653-2.6-1.40.22 (TeX Live 2021/Arch Linux) (preloaded format=prv_Rela_E7_F5es_20de_20equival_EAncia.md 2021.10.7)  7 OCT 2021 11:50
entering extended mode
 restricted \write18 enabled.
 file:line:error style messages enabled.
 %&-line parsing enabled.
**&prv_Rela_E7_F5es_20de_20equival_EAncia.md /AUCTEXINPUT{ Rela_E7_F5es_20de_20equival_EAncia.md.tex }
(./Rela_E7_F5es_20de_20equival_EAncia.md.tex (/usr/share/texmf-dist/tex/latex/l3backend/l3backend-pdftex.def
File: l3backend-pdftex.def 2021-03-18 L3 backend support: PDF output (pdfTeX)
\l__color_backend_stack_int=\count199
\l__pdf_internal_box=\box49
)
No file Rela_E7_F5es_20de_20equival_EAncia.md.aux.
LaTeX Font Info:    Checking defaults for OML/cmm/m/it on input line 5.
LaTeX Font Info:    ... okay on input line 5.
LaTeX Font Info:    Checking defaults for OMS/cmsy/m/n on input line 5.
LaTeX Font Info:    ... okay on input line 5.
LaTeX Font Info:    Checking defaults for OT1/cmr/m/n on input line 5.
LaTeX Font Info:    ... okay on input line 5.
LaTeX Font Info:    Checking defaults for T1/cmr/m/n on input line 5.
LaTeX Font Info:    ... okay on input line 5.
LaTeX Font Info:    Checking defaults for TS1/cmr/m/n on input line 5.
LaTeX Font Info:    ... okay on input line 5.
LaTeX Font Info:    Checking defaults for OMX/cmex/m/n on input line 5.
LaTeX Font Info:    ... okay on input line 5.
LaTeX Font Info:    Checking defaults for U/cmr/m/n on input line 5.
LaTeX Font Info:    ... okay on input line 5.
(/home/padawan/.emacs.d/straight/build/auctex/latex/preview.sty
Package: preview 2017/04/24 12.3 (AUCTeX/preview-latex)
 (/usr/share/texmf-dist/tex/generic/luatex85/luatex85.sty
Package: luatex85 2016/06/15 v1.4 pdftex aliases for luatex
) (/home/padawan/.emacs.d/straight/build/auctex/latex/prtightpage.def
\PreviewBorder=\dimen148
) (/home/padawan/.emacs.d/straight/build/auctex/latex/prauctex.def
No auxiliary output files.


\hbadness=\count266
\hfuzz=\dimen149
(/home/padawan/.emacs.d/straight/build/auctex/latex/prauctex.cfg)) (/home/padawan/.emacs.d/straight/build/auctex/latex/prfootnotes.def)
\pr@snippet=\count267
\pr@box=\box50
\pr@output=\toks22

Preview: Fontsize 10pt
Preview: PDFoutput 1
)
./Rela_E7_F5es_20de_20equival_EAncia.md.tex:6: Preview: Snippet 1 started.
<-><->
      
l.6 $
     R$
Not a real error.

Preview: Tightpage -32891 -32891 32891 32891
./Rela_E7_F5es_20de_20equival_EAncia.md.tex:6: Preview: Snippet 1 ended.(447828+0x502671).
<-><->
      
l.6 $R$
       
Not a real error.

[1{/var/lib/texmf/fonts/map/pdftex/updmap/pdftex.map}]
./Rela_E7_F5es_20de_20equival_EAncia.md.tex:7: Preview: Snippet 2 started.
<-><->
      
l.7 $
     A$
Not a real error.

./Rela_E7_F5es_20de_20equival_EAncia.md.tex:7: Preview: Snippet 2 ended.(447828+0x491521).
<-><->
      
l.7 $A$
       
Not a real error.

[2]
./Rela_E7_F5es_20de_20equival_EAncia.md.tex:8: Preview: Snippet 3 started.
<-><->
      
l.8 $
     R$
Not a real error.

./Rela_E7_F5es_20de_20equival_EAncia.md.tex:8: Preview: Snippet 3 ended.(447828+0x502671).
<-><->
      
l.8 $R$
       
Not a real error.

[3]
./Rela_E7_F5es_20de_20equival_EAncia.md.tex:9: Preview: Snippet 4 started.
<-><->
      
l.9 $
     R$
Not a real error.

./Rela_E7_F5es_20de_20equival_EAncia.md.tex:9: Preview: Snippet 4 ended.(447828+0x502671).
<-><->
      
l.9 $R$
       
Not a real error.

[4]
./Rela_E7_F5es_20de_20equival_EAncia.md.tex:10: Preview: Snippet 5 started.
<-><->
      
l.10 $
      R$
Not a real error.

./Rela_E7_F5es_20de_20equival_EAncia.md.tex:10: Preview: Snippet 5 ended.(447828+0x502671).
<-><->
      
l.10 $R$
        
Not a real error.

[5]
./Rela_E7_F5es_20de_20equival_EAncia.md.tex:11: Preview: Snippet 6 started.
<-><->
      
l.11 $
      A$
Not a real error.

./Rela_E7_F5es_20de_20equival_EAncia.md.tex:11: Preview: Snippet 6 ended.(447828+0x491521).
<-><->
      
l.11 $A$
        
Not a real error.

[6]
./Rela_E7_F5es_20de_20equival_EAncia.md.tex:12: Preview: Snippet 7 started.
<-><->
      
l.12 $
      a \in A$
Not a real error.

./Rela_E7_F5es_20de_20equival_EAncia.md.tex:12: Preview: Snippet 7 ended.(447828+25623x1638925).
<-><->
      
l.12 $a \in A$
              
Not a real error.

[7]
./Rela_E7_F5es_20de_20equival_EAncia.md.tex:13: Preview: Snippet 8 started.
<-><->
      
l.13 $
      a$
Not a real error.

./Rela_E7_F5es_20de_20equival_EAncia.md.tex:13: Preview: Snippet 8 ended.(282168+0x346416).
<-><->
      
l.13 $a$
        
Not a real error.

[8]
./Rela_E7_F5es_20de_20equival_EAncia.md.tex:14: Preview: Snippet 9 started.
<-><->
      
l.14 $
      [a]$
Not a real error.

./Rela_E7_F5es_20de_20equival_EAncia.md.tex:14: Preview: Snippet 9 ended.(491520+163840x710506).
<-><->
      
l.14 $[a]$
          
Not a real error.

[9]
./Rela_E7_F5es_20de_20equival_EAncia.md.tex:15: Preview: Snippet 10 started.
<-><->
      
l.15 $
      A$
Not a real error.

./Rela_E7_F5es_20de_20equival_EAncia.md.tex:15: Preview: Snippet 10 ended.(447828+0x491521).
<-><->
      
l.15 $A$
        
Not a real error.

[10]
./Rela_E7_F5es_20de_20equival_EAncia.md.tex:16: Preview: Snippet 11 started.
<-><->
      
l.16 $
      a$
Not a real error.

./Rela_E7_F5es_20de_20equival_EAncia.md.tex:16: Preview: Snippet 11 ended.(282168+0x346416).
<-><->
      
l.16 $a$
        
Not a real error.

[11]
./Rela_E7_F5es_20de_20equival_EAncia.md.tex:17: Preview: Snippet 12 started.
<-><->
      
l.17 $
      $
Not a real error.

./Rela_E7_F5es_20de_20equival_EAncia.md.tex:19: Preview: Snippet 12 ended.(950272+0x22609920).
<-><->
      
l.19 $$
       
Not a real error.

[12]
./Rela_E7_F5es_20de_20equival_EAncia.md.tex:20: Preview: Snippet 13 started.
<-><->
      
l.20 $
      A$
Not a real error.

./Rela_E7_F5es_20de_20equival_EAncia.md.tex:20: Preview: Snippet 13 ended.(447828+0x491521).
<-><->
      
l.20 $A$
        
Not a real error.

[13]
./Rela_E7_F5es_20de_20equival_EAncia.md.tex:21: Preview: Snippet 14 started.
<-><->
      
l.21 $
      R$
Not a real error.

./Rela_E7_F5es_20de_20equival_EAncia.md.tex:21: Preview: Snippet 14 ended.(447828+0x502671).
<-><->
      
l.21 $R$
        
Not a real error.

[14]
./Rela_E7_F5es_20de_20equival_EAncia.md.tex:22: Preview: Snippet 15 started.
<-><->
      
l.22 $
      $
Not a real error.

./Rela_E7_F5es_20de_20equival_EAncia.md.tex:24: Preview: Snippet 15 ended.(950272+0x22609920).
<-><->
      
l.24 $$
       
Not a real error.

[15] ) 
Here is how much of TeX's memory you used:
 355 strings out of 477741
 7346 string characters out of 5849811
 305108 words of memory out of 5000000
 19089 multiletter control sequences out of 15000+600000
 412191 words of font info for 45 fonts, out of 8000000 for 9000
 1141 hyphenation exceptions out of 8191
 57i,4n,62p,241b,105s stack positions out of 5000i,500n,10000p,200000b,80000s
{/usr/share/texmf-dist/fonts/enc/dvips/cm-super/cm-super-t1.enc}</usr/share/texmf-dist/fonts/type1/public/amsfonts/cm/cmmi10.pfb></usr/share/texmf-dist/fonts/type1/public/amsfonts/cm/cmr10.pfb></usr/share/texmf-dist/fonts/type1/public/amsfonts/cm/cmsy10.pfb></usr/share/texmf-dist/fonts/type1/public/cm-super/sfrm1000.pfb>
Output written on Rela_E7_F5es_20de_20equival_EAncia.md.pdf (15 pages, 28832 bytes).
PDF statistics:
 70 PDF objects out of 1000 (max. 8388607)
 48 compressed objects within 1 object stream
 0 named destinations out of 1000 (max. 500000)
 1 words of extra memory for PDF output out of 10000 (max. 10000000)

