This is pdfTeX, Version 3.141592653-2.6-1.40.22 (TeX Live 2021/Arch Linux) (preloaded format=prv_Rela_E7_F5es_20de_20ordem.md 2021.10.7)  7 OCT 2021 11:51
entering extended mode
 restricted \write18 enabled.
 file:line:error style messages enabled.
 %&-line parsing enabled.
**&prv_Rela_E7_F5es_20de_20ordem.md /AUCTEXINPUT{ Rela_E7_F5es_20de_20ordem.md.tex }
(./Rela_E7_F5es_20de_20ordem.md.tex (/usr/share/texmf-dist/tex/latex/l3backend/l3backend-pdftex.def
File: l3backend-pdftex.def 2021-03-18 L3 backend support: PDF output (pdfTeX)
\l__color_backend_stack_int=\count199
\l__pdf_internal_box=\box49
)
No file Rela_E7_F5es_20de_20ordem.md.aux.
LaTeX Font Info:    Checking defaults for OML/cmm/m/it on input line 5.
LaTeX Font Info:    ... okay on input line 5.
LaTeX Font Info:    Checking defaults for OMS/cmsy/m/n on input line 5.
LaTeX Font Info:    ... okay on input line 5.
LaTeX Font Info:    Checking defaults for OT1/cmr/m/n on input line 5.
LaTeX Font Info:    ... okay on input line 5.
LaTeX Font Info:    Checking defaults for T1/cmr/m/n on input line 5.
LaTeX Font Info:    ... okay on input line 5.
LaTeX Font Info:    Checking defaults for TS1/cmr/m/n on input line 5.
LaTeX Font Info:    ... okay on input line 5.
LaTeX Font Info:    Checking defaults for OMX/cmex/m/n on input line 5.
LaTeX Font Info:    ... okay on input line 5.
LaTeX Font Info:    Checking defaults for U/cmr/m/n on input line 5.
LaTeX Font Info:    ... okay on input line 5.
(/home/padawan/.emacs.d/straight/build/auctex/latex/preview.sty
Package: preview 2017/04/24 12.3 (AUCTeX/preview-latex)
 (/usr/share/texmf-dist/tex/generic/luatex85/luatex85.sty
Package: luatex85 2016/06/15 v1.4 pdftex aliases for luatex
) (/home/padawan/.emacs.d/straight/build/auctex/latex/prtightpage.def
\PreviewBorder=\dimen148
) (/home/padawan/.emacs.d/straight/build/auctex/latex/prauctex.def
No auxiliary output files.


\hbadness=\count266
\hfuzz=\dimen149
(/home/padawan/.emacs.d/straight/build/auctex/latex/prauctex.cfg)) (/home/padawan/.emacs.d/straight/build/auctex/latex/prfootnotes.def)
\pr@snippet=\count267
\pr@box=\box50
\pr@output=\toks22

Preview: Fontsize 10pt
Preview: PDFoutput 1
)
./Rela_E7_F5es_20de_20ordem.md.tex:6: Preview: Snippet 1 started.
<-><->
      
l.6 $
     R$
Not a real error.

Preview: Tightpage -32891 -32891 32891 32891
./Rela_E7_F5es_20de_20ordem.md.tex:6: Preview: Snippet 1 ended.(447828+0x502671).
<-><->
      
l.6 $R$
       
Not a real error.

[1{/var/lib/texmf/fonts/map/pdftex/updmap/pdftex.map}]
./Rela_E7_F5es_20de_20ordem.md.tex:7: Preview: Snippet 2 started.
<-><->
      
l.7 $
     A$
Not a real error.

./Rela_E7_F5es_20de_20ordem.md.tex:7: Preview: Snippet 2 ended.(447828+0x491521).
<-><->
      
l.7 $A$
       
Not a real error.

[2]
./Rela_E7_F5es_20de_20ordem.md.tex:8: Preview: Snippet 3 started.
<-><->
      
l.8 $
     R$
Not a real error.

./Rela_E7_F5es_20de_20ordem.md.tex:8: Preview: Snippet 3 ended.(447828+0x502671).
<-><->
      
l.8 $R$
       
Not a real error.

[3]
./Rela_E7_F5es_20de_20ordem.md.tex:9: Preview: Snippet 4 started.
<-><->
      
l.9 $
     \preceq $
Not a real error.

./Rela_E7_F5es_20de_20ordem.md.tex:9: Preview: Snippet 4 ended.(416790+89110x509726).
<-><->
      
l.9 $\preceq $
              
Not a real error.

[4]
./Rela_E7_F5es_20de_20ordem.md.tex:10: Preview: Snippet 5 started.
<-><->
      
l.10 $
      R$
Not a real error.

./Rela_E7_F5es_20de_20ordem.md.tex:10: Preview: Snippet 5 ended.(447828+0x502671).
<-><->
      
l.10 $R$
        
Not a real error.

[5]
./Rela_E7_F5es_20de_20ordem.md.tex:11: Preview: Snippet 6 started.
<-><->
      
l.11 $
      A$
Not a real error.

./Rela_E7_F5es_20de_20ordem.md.tex:11: Preview: Snippet 6 ended.(447828+0x491521).
<-><->
      
l.11 $A$
        
Not a real error.

[6]
./Rela_E7_F5es_20de_20ordem.md.tex:12: Preview: Snippet 7 started.
<-><->
      
l.12 $
      R$
Not a real error.

./Rela_E7_F5es_20de_20ordem.md.tex:12: Preview: Snippet 7 ended.(447828+0x502671).
<-><->
      
l.12 $R$
        
Not a real error.

[7]
./Rela_E7_F5es_20de_20ordem.md.tex:13: Preview: Snippet 8 started.
<-><->
      
l.13 $
      (A, R)$
Not a real error.

./Rela_E7_F5es_20de_20ordem.md.tex:13: Preview: Snippet 8 ended.(491520+163840x1795187).
<-><->
      
l.13 $(A, R)$
             
Not a real error.

[8]
./Rela_E7_F5es_20de_20ordem.md.tex:14: Preview: Snippet 9 started.
<-><->
      
l.14 $
      R$
Not a real error.

./Rela_E7_F5es_20de_20ordem.md.tex:14: Preview: Snippet 9 ended.(447828+0x502671).
<-><->
      
l.14 $R$
        
Not a real error.

[9]
./Rela_E7_F5es_20de_20ordem.md.tex:15: Preview: Snippet 10 started.
<-><->
      
l.15 $
      A$
Not a real error.

./Rela_E7_F5es_20de_20ordem.md.tex:15: Preview: Snippet 10 ended.(447828+0x491521).
<-><->
      
l.15 $A$
        
Not a real error.

[10]
./Rela_E7_F5es_20de_20ordem.md.tex:16: Preview: Snippet 11 started.
<-><->
      
l.16 $
      (A, R)$
Not a real error.

./Rela_E7_F5es_20de_20ordem.md.tex:16: Preview: Snippet 11 ended.(491520+163840x1795187).
<-><->
      
l.16 $(A, R)$
             
Not a real error.

[11]
./Rela_E7_F5es_20de_20ordem.md.tex:17: Preview: Snippet 12 started.
<-><->
      
l.17 $
      x, y \in A$
Not a real error.

./Rela_E7_F5es_20de_20ordem.md.tex:17: Preview: Snippet 12 ended.(447828+127431x2303158).
<-><->
      
l.17 $x, y \in A$
                 
Not a real error.

[12]
./Rela_E7_F5es_20de_20ordem.md.tex:18: Preview: Snippet 13 started.
<-><->
      
l.18 $
      x$
Not a real error.

./Rela_E7_F5es_20de_20ordem.md.tex:18: Preview: Snippet 13 ended.(282168+0x374556).
<-><->
      
l.18 $x$
        
Not a real error.

[13]
./Rela_E7_F5es_20de_20ordem.md.tex:19: Preview: Snippet 14 started.
<-><->
      
l.19 $
      y$
Not a real error.

./Rela_E7_F5es_20de_20ordem.md.tex:19: Preview: Snippet 14 ended.(282168+127431x344824).
<-><->
      
l.19 $y$
        
Not a real error.

[14]
./Rela_E7_F5es_20de_20ordem.md.tex:20: Preview: Snippet 15 started.
<-><->
      
l.20 $
      x R y$
Not a real error.

./Rela_E7_F5es_20de_20ordem.md.tex:20: Preview: Snippet 15 ended.(447828+127431x1222051).
<-><->
      
l.20 $x R y$
            
Not a real error.

[15]
./Rela_E7_F5es_20de_20ordem.md.tex:21: Preview: Snippet 16 started.
<-><->
      
l.21 $
      y R x$
Not a real error.

./Rela_E7_F5es_20de_20ordem.md.tex:21: Preview: Snippet 16 ended.(447828+127431x1222051).
<-><->
      
l.21 $y R x$
            
Not a real error.

[16]
./Rela_E7_F5es_20de_20ordem.md.tex:22: Preview: Snippet 17 started.
<-><->
      
l.22 $
      R$
Not a real error.

./Rela_E7_F5es_20de_20ordem.md.tex:22: Preview: Snippet 17 ended.(447828+0x502671).
<-><->
      
l.22 $R$
        
Not a real error.

[17]
./Rela_E7_F5es_20de_20ordem.md.tex:23: Preview: Snippet 18 started.
<-><->
      
l.23 $
      R$
Not a real error.

./Rela_E7_F5es_20de_20ordem.md.tex:23: Preview: Snippet 18 ended.(447828+0x502671).
<-><->
      
l.23 $R$
        
Not a real error.

[18]
./Rela_E7_F5es_20de_20ordem.md.tex:24: Preview: Snippet 19 started.
<-><->
      
l.24 $
      A$
Not a real error.

./Rela_E7_F5es_20de_20ordem.md.tex:24: Preview: Snippet 19 ended.(447828+0x491521).
<-><->
      
l.24 $A$
        
Not a real error.

[19]
./Rela_E7_F5es_20de_20ordem.md.tex:25: Preview: Snippet 20 started.
<-><->
      
l.25 $
      R$
Not a real error.

./Rela_E7_F5es_20de_20ordem.md.tex:25: Preview: Snippet 20 ended.(447828+0x502671).
<-><->
      
l.25 $R$
        
Not a real error.

[20]
./Rela_E7_F5es_20de_20ordem.md.tex:26: Preview: Snippet 21 started.
<-><->
      
l.26 $
      R$
Not a real error.

./Rela_E7_F5es_20de_20ordem.md.tex:26: Preview: Snippet 21 ended.(447828+0x502671).
<-><->
      
l.26 $R$
        
Not a real error.

[21]
./Rela_E7_F5es_20de_20ordem.md.tex:27: Preview: Snippet 22 started.
<-><->
      
l.27 $
      (x,y)$
Not a real error.

./Rela_E7_F5es_20de_20ordem.md.tex:27: Preview: Snippet 22 ended.(491520+163840x1520375).
<-><->
      
l.27 $(x,y)$
            
Not a real error.

[22]
./Rela_E7_F5es_20de_20ordem.md.tex:28: Preview: Snippet 23 started.
<-><->
      
l.28 $
      x$
Not a real error.

./Rela_E7_F5es_20de_20ordem.md.tex:28: Preview: Snippet 23 ended.(282168+0x374556).
<-><->
      
l.28 $x$
        
Not a real error.

[23]
./Rela_E7_F5es_20de_20ordem.md.tex:29: Preview: Snippet 24 started.
<-><->
      
l.29 $
      y$
Not a real error.

./Rela_E7_F5es_20de_20ordem.md.tex:29: Preview: Snippet 24 ended.(282168+127431x344824).
<-><->
      
l.29 $y$
        
Not a real error.

[24]
./Rela_E7_F5es_20de_20ordem.md.tex:30: Preview: Snippet 25 started.
<-><->
      
l.30 $
      P = (A, R)$
Not a real error.

./Rela_E7_F5es_20de_20ordem.md.tex:30: Preview: Snippet 25 ended.(491520+163840x3180766).
<-><->
      
l.30 $P = (A, R)$
                 
Not a real error.

[25]
./Rela_E7_F5es_20de_20ordem.md.tex:31: Preview: Snippet 26 started.
<-><->
      
l.31 $
      C$
Not a real error.

./Rela_E7_F5es_20de_20ordem.md.tex:31: Preview: Snippet 26 ended.(447828+0x515276).
<-><->
      
l.31 $C$
        
Not a real error.

[26]
./Rela_E7_F5es_20de_20ordem.md.tex:32: Preview: Snippet 27 started.
<-><->
      
l.32 $
      C \subseteq A$
Not a real error.

./Rela_E7_F5es_20de_20ordem.md.tex:32: Preview: Snippet 27 ended.(447828+89110x1880603).
<-><->
      
l.32 $C \subseteq A$
                    
Not a real error.

[27]
./Rela_E7_F5es_20de_20ordem.md.tex:33: Preview: Snippet 28 started.
<-><->
      
l.33 $
      C$
Not a real error.

./Rela_E7_F5es_20de_20ordem.md.tex:33: Preview: Snippet 28 ended.(447828+0x515276).
<-><->
      
l.33 $C$
        
Not a real error.

[28]
./Rela_E7_F5es_20de_20ordem.md.tex:34: Preview: Snippet 29 started.
<-><->
      
l.34 $
      P$
Not a real error.

./Rela_E7_F5es_20de_20ordem.md.tex:34: Preview: Snippet 29 ended.(447828+0x511773).
<-><->
      
l.34 $P$
        
Not a real error.

[29]
./Rela_E7_F5es_20de_20ordem.md.tex:35: Preview: Snippet 30 started.
<-><->
      
l.35 $
      C$
Not a real error.

./Rela_E7_F5es_20de_20ordem.md.tex:35: Preview: Snippet 30 ended.(447828+0x515276).
<-><->
      
l.35 $C$
        
Not a real error.

[30]
./Rela_E7_F5es_20de_20ordem.md.tex:36: Preview: Snippet 31 started.
<-><->
      
l.36 $
      C$
Not a real error.

./Rela_E7_F5es_20de_20ordem.md.tex:36: Preview: Snippet 31 ended.(447828+0x515276).
<-><->
      
l.36 $C$
        
Not a real error.

[31]
./Rela_E7_F5es_20de_20ordem.md.tex:37: Preview: Snippet 32 started.
<-><->
      
l.37 $
      P$
Not a real error.

./Rela_E7_F5es_20de_20ordem.md.tex:37: Preview: Snippet 32 ended.(447828+0x511773).
<-><->
      
l.37 $P$
        
Not a real error.

[32]
./Rela_E7_F5es_20de_20ordem.md.tex:38: Preview: Snippet 33 started.
<-><->
      
l.38 $
      C$
Not a real error.

./Rela_E7_F5es_20de_20ordem.md.tex:38: Preview: Snippet 33 ended.(447828+0x515276).
<-><->
      
l.38 $C$
        
Not a real error.

[33]
./Rela_E7_F5es_20de_20ordem.md.tex:39: Preview: Snippet 34 started.
<-><->
      
l.39 $
      (A,R)$
Not a real error.

./Rela_E7_F5es_20de_20ordem.md.tex:39: Preview: Snippet 34 ended.(491520+163840x1795187).
<-><->
      
l.39 $(A,R)$
            
Not a real error.

[34]
./Rela_E7_F5es_20de_20ordem.md.tex:40: Preview: Snippet 35 started.
<-><->
      
l.40 $
      x, y \in A$
Not a real error.

./Rela_E7_F5es_20de_20ordem.md.tex:40: Preview: Snippet 35 ended.(447828+127431x2303158).
<-><->
      
l.40 $x, y \in A$
                 
Not a real error.

[35]
./Rela_E7_F5es_20de_20ordem.md.tex:41: Preview: Snippet 36 started.
<-><->
      
l.41 $
      x$
Not a real error.

./Rela_E7_F5es_20de_20ordem.md.tex:41: Preview: Snippet 36 ended.(282168+0x374556).
<-><->
      
l.41 $x$
        
Not a real error.

[36]
./Rela_E7_F5es_20de_20ordem.md.tex:42: Preview: Snippet 37 started.
<-><->
      
l.42 $
      z \in A$
Not a real error.

./Rela_E7_F5es_20de_20ordem.md.tex:42: Preview: Snippet 37 ended.(447828+25623x1626107).
<-><->
      
l.42 $z \in A$
              
Not a real error.

[37]
./Rela_E7_F5es_20de_20ordem.md.tex:43: Preview: Snippet 38 started.
<-><->
      
l.43 $
      x R z$
Not a real error.

./Rela_E7_F5es_20de_20ordem.md.tex:43: Preview: Snippet 38 ended.(447828+0x1210825).
<-><->
      
l.43 $x R z$
            
Not a real error.

[38]
./Rela_E7_F5es_20de_20ordem.md.tex:44: Preview: Snippet 39 started.
<-><->
      
l.44 $
      y$
Not a real error.

./Rela_E7_F5es_20de_20ordem.md.tex:44: Preview: Snippet 39 ended.(282168+127431x344824).
<-><->
      
l.44 $y$
        
Not a real error.

[39]
./Rela_E7_F5es_20de_20ordem.md.tex:45: Preview: Snippet 40 started.
<-><->
      
l.45 $
      z \in A$
Not a real error.

./Rela_E7_F5es_20de_20ordem.md.tex:45: Preview: Snippet 40 ended.(447828+25623x1626107).
<-><->
      
l.45 $z \in A$
              
Not a real error.

[40]
./Rela_E7_F5es_20de_20ordem.md.tex:46: Preview: Snippet 41 started.
<-><->
      
l.46 $
      z R y$
Not a real error.

./Rela_E7_F5es_20de_20ordem.md.tex:46: Preview: Snippet 41 ended.(447828+127431x1181093).
<-><->
      
l.46 $z R y$
            
Not a real error.

[41]
./Rela_E7_F5es_20de_20ordem.md.tex:47: Preview: Snippet 42 started.
<-><->
      
l.47 $
      (A,R)$
Not a real error.

./Rela_E7_F5es_20de_20ordem.md.tex:47: Preview: Snippet 42 ended.(491520+163840x1795187).
<-><->
      
l.47 $(A,R)$
            
Not a real error.

[42]
./Rela_E7_F5es_20de_20ordem.md.tex:48: Preview: Snippet 43 started.
<-><->
      
l.48 $
      x, y \in A$
Not a real error.

./Rela_E7_F5es_20de_20ordem.md.tex:48: Preview: Snippet 43 ended.(447828+127431x2303158).
<-><->
      
l.48 $x, y \in A$
                 
Not a real error.

[43]
./Rela_E7_F5es_20de_20ordem.md.tex:49: Preview: Snippet 44 started.
<-><->
      
l.49 $
      x$
Not a real error.

./Rela_E7_F5es_20de_20ordem.md.tex:49: Preview: Snippet 44 ended.(282168+0x374556).
<-><->
      
l.49 $x$
        
Not a real error.

[44]
./Rela_E7_F5es_20de_20ordem.md.tex:50: Preview: Snippet 45 started.
<-><->
      
l.50 $
      z \in A$
Not a real error.

./Rela_E7_F5es_20de_20ordem.md.tex:50: Preview: Snippet 45 ended.(447828+25623x1626107).
<-><->
      
l.50 $z \in A$
              
Not a real error.

[45]
./Rela_E7_F5es_20de_20ordem.md.tex:51: Preview: Snippet 46 started.
<-><->
      
l.51 $
      z R x$
Not a real error.

./Rela_E7_F5es_20de_20ordem.md.tex:51: Preview: Snippet 46 ended.(447828+0x1210825).
<-><->
      
l.51 $z R x$
            
Not a real error.

[46]
./Rela_E7_F5es_20de_20ordem.md.tex:52: Preview: Snippet 47 started.
<-><->
      
l.52 $
      y$
Not a real error.

./Rela_E7_F5es_20de_20ordem.md.tex:52: Preview: Snippet 47 ended.(282168+127431x344824).
<-><->
      
l.52 $y$
        
Not a real error.

[47]
./Rela_E7_F5es_20de_20ordem.md.tex:53: Preview: Snippet 48 started.
<-><->
      
l.53 $
      z \in A$
Not a real error.

./Rela_E7_F5es_20de_20ordem.md.tex:53: Preview: Snippet 48 ended.(447828+25623x1626107).
<-><->
      
l.53 $z \in A$
              
Not a real error.

[48]
./Rela_E7_F5es_20de_20ordem.md.tex:54: Preview: Snippet 49 started.
<-><->
      
l.54 $
      y R z$
Not a real error.

./Rela_E7_F5es_20de_20ordem.md.tex:54: Preview: Snippet 49 ended.(447828+127431x1181093).
<-><->
      
l.54 $y R z$
            
Not a real error.

[49] ) 
Here is how much of TeX's memory you used:
 351 strings out of 477741
 7261 string characters out of 5849883
 305081 words of memory out of 5000000
 19087 multiletter control sequences out of 15000+600000
 410657 words of font info for 43 fonts, out of 8000000 for 9000
 1141 hyphenation exceptions out of 8191
 57i,4n,62p,223b,56s stack positions out of 5000i,500n,10000p,200000b,80000s
</usr/share/texmf-dist/fonts/type1/public/amsfonts/cm/cmmi10.pfb></usr/share/texmf-dist/fonts/type1/public/amsfonts/cm/cmr10.pfb></usr/share/texmf-dist/fonts/type1/public/amsfonts/cm/cmsy10.pfb>
Output written on Rela_E7_F5es_20de_20ordem.md.pdf (49 pages, 33575 bytes).
PDF statistics:
 176 PDF objects out of 1000 (max. 8388607)
 120 compressed objects within 2 object streams
 0 named destinations out of 1000 (max. 500000)
 1 words of extra memory for PDF output out of 10000 (max. 10000000)

