This is pdfTeX, Version 3.141592653-2.6-1.40.22 (TeX Live 2021/Arch Linux) (preloaded format=prv_S_E9ries_20num_E9ricas.md 2021.9.29)  29 SEP 2021 08:00
entering extended mode
 restricted \write18 enabled.
 file:line:error style messages enabled.
 %&-line parsing enabled.
**&prv_S_E9ries_20num_E9ricas.md /AUCTEXINPUT{ S_E9ries_20num_E9ricas.md.tex }
(./S_E9ries_20num_E9ricas.md.tex (/usr/share/texmf-dist/tex/latex/l3backend/l3backend-pdftex.def
File: l3backend-pdftex.def 2021-03-18 L3 backend support: PDF output (pdfTeX)
\l__color_backend_stack_int=\count199
\l__pdf_internal_box=\box49
)
No file S_E9ries_20num_E9ricas.md.aux.
LaTeX Font Info:    Checking defaults for OML/cmm/m/it on input line 5.
LaTeX Font Info:    ... okay on input line 5.
LaTeX Font Info:    Checking defaults for OMS/cmsy/m/n on input line 5.
LaTeX Font Info:    ... okay on input line 5.
LaTeX Font Info:    Checking defaults for OT1/cmr/m/n on input line 5.
LaTeX Font Info:    ... okay on input line 5.
LaTeX Font Info:    Checking defaults for T1/cmr/m/n on input line 5.
LaTeX Font Info:    ... okay on input line 5.
LaTeX Font Info:    Checking defaults for TS1/cmr/m/n on input line 5.
LaTeX Font Info:    ... okay on input line 5.
LaTeX Font Info:    Checking defaults for OMX/cmex/m/n on input line 5.
LaTeX Font Info:    ... okay on input line 5.
LaTeX Font Info:    Checking defaults for U/cmr/m/n on input line 5.
LaTeX Font Info:    ... okay on input line 5.
(/home/padawan/.emacs.d/straight/build/auctex/latex/preview.sty
Package: preview 2017/04/24 12.3 (AUCTeX/preview-latex)
 (/usr/share/texmf-dist/tex/generic/luatex85/luatex85.sty
Package: luatex85 2016/06/15 v1.4 pdftex aliases for luatex
) (/home/padawan/.emacs.d/straight/build/auctex/latex/prtightpage.def
\PreviewBorder=\dimen148
) (/home/padawan/.emacs.d/straight/build/auctex/latex/prauctex.def
No auxiliary output files.


\hbadness=\count266
\hfuzz=\dimen149
(/home/padawan/.emacs.d/straight/build/auctex/latex/prauctex.cfg)) (/home/padawan/.emacs.d/straight/build/auctex/latex/prfootnotes.def)
\pr@snippet=\count267
\pr@box=\box50
\pr@output=\toks22

Preview: Fontsize 10pt
Preview: PDFoutput 1
)
./S_E9ries_20num_E9ricas.md.tex:6: Preview: Snippet 1 started.
<-><->
      
l.6 $
     $
Not a real error.

Preview: Tightpage -32891 -32891 32891 32891
./S_E9ries_20num_E9ricas.md.tex:8: Preview: Snippet 1 ended.(1978647+0x22609920).
<-><->
      
l.8 >$$
       
Not a real error.

[1{/var/lib/texmf/fonts/map/pdftex/updmap/pdftex.map}]
./S_E9ries_20num_E9ricas.md.tex:9: Preview: Snippet 2 started.
<-><->
      
l.9 $
     n$
Not a real error.

./S_E9ries_20num_E9ricas.md.tex:9: Preview: Snippet 2 ended.(282168+0x393370).
<-><->
      
l.9 $n$
       
Not a real error.

[2]
./S_E9ries_20num_E9ricas.md.tex:10: Preview: Snippet 3 started.
<-><->
      
l.10 $
      n$
Not a real error.

./S_E9ries_20num_E9ricas.md.tex:10: Preview: Snippet 3 ended.(282168+0x393370).
<-><->
      
l.10 $n$
        
Not a real error.

[3]
./S_E9ries_20num_E9ricas.md.tex:11: Preview: Snippet 4 started.
<-><->
      
l.11 $
      (a_n)$
Not a real error.

./S_E9ries_20num_E9ricas.md.tex:11: Preview: Snippet 4 ended.(491520+163840x1212876).
<-><->
      
l.11 $(a_n)$
            
Not a real error.

[4]
./S_E9ries_20num_E9ricas.md.tex:12: Preview: Snippet 5 started.
<-><->
      
l.12 $
      $
Not a real error.

./S_E9ries_20num_E9ricas.md.tex:14: Preview: Snippet 5 ended.(1978647+0x22609920).
<-><->
      
l.14 >$$
        
Not a real error.

[5]
./S_E9ries_20num_E9ricas.md.tex:15: Preview: Snippet 6 started.
<-><->
      
l.15 $
      a_n$
Not a real error.

./S_E9ries_20num_E9ricas.md.tex:15: Preview: Snippet 6 ended.(282168+98303x703150).
<-><->
      
l.15 $a_n$
          
Not a real error.

[6]
./S_E9ries_20num_E9ricas.md.tex:16: Preview: Snippet 7 started.
<-><->
      
l.16 $
      (S_n)$
Not a real error.

./S_E9ries_20num_E9ricas.md.tex:16: Preview: Snippet 7 ended.(491520+163840x1268323).
<-><->
      
l.16 $(S_n)$
            
Not a real error.

[7]
./S_E9ries_20num_E9ricas.md.tex:17: Preview: Snippet 8 started.
<-><->
      
l.17 $
      $
Not a real error.

./S_E9ries_20num_E9ricas.md.tex:25: Preview: Snippet 8 ended.(5787528+0x22609920).
<-><->
      
l.25 >$$
        
Not a real error.

[8]
./S_E9ries_20num_E9ricas.md.tex:26: Preview: Snippet 9 started.
<-><->
      
l.26 $
      $
Not a real error.

./S_E9ries_20num_E9ricas.md.tex:28: Preview: Snippet 9 ended.(1978647+0x22609920).
<-><->
      
l.28 >$$
        
Not a real error.

[9]
./S_E9ries_20num_E9ricas.md.tex:29: Preview: Snippet 10 started.
<-><->
      
l.29 $
      L$
Not a real error.

./S_E9ries_20num_E9ricas.md.tex:29: Preview: Snippet 10 ended.(447828+0x446010).
<-><->
      
l.29 $L$
        
Not a real error.

[10]
./S_E9ries_20num_E9ricas.md.tex:30: Preview: Snippet 11 started.
<-><->
      
l.30 $
      $
Not a real error.

./S_E9ries_20num_E9ricas.md.tex:32: Preview: Snippet 11 ended.(1245184+0x22609920).
<-><->
      
l.32 >$$
        
Not a real error.

[11]
./S_E9ries_20num_E9ricas.md.tex:33: Preview: Snippet 12 started.
<-><->
      
l.33 $
      (a_n)$
Not a real error.

./S_E9ries_20num_E9ricas.md.tex:33: Preview: Snippet 12 ended.(491520+163840x1212876).
<-><->
      
l.33 $(a_n)$
            
Not a real error.

[12]
./S_E9ries_20num_E9ricas.md.tex:34: Preview: Snippet 13 started.
<-><->
      
l.34 $
      (s_n)$
Not a real error.

./S_E9ries_20num_E9ricas.md.tex:34: Preview: Snippet 13 ended.(491520+163840x1173660).
<-><->
      
l.34 $(s_n)$
            
Not a real error.

[13]
./S_E9ries_20num_E9ricas.md.tex:35: Preview: Snippet 14 started.
<-><->
      
l.35 $
      (a_n)$
Not a real error.

./S_E9ries_20num_E9ricas.md.tex:35: Preview: Snippet 14 ended.(491520+163840x1212876).
<-><->
      
l.35 $(a_n)$
            
Not a real error.

[14]
./S_E9ries_20num_E9ricas.md.tex:36: Preview: Snippet 15 started.
<-><->
      
l.36 $
      (s_n)$
Not a real error.

./S_E9ries_20num_E9ricas.md.tex:36: Preview: Snippet 15 ended.(491520+163840x1173660).
<-><->
      
l.36 $(s_n)$
            
Not a real error.

[15] ) 
Here is how much of TeX's memory you used:
 351 strings out of 477741
 7246 string characters out of 5849907
 307072 words of memory out of 5000000
 19087 multiletter control sequences out of 15000+600000
 410657 words of font info for 43 fonts, out of 8000000 for 9000
 1141 hyphenation exceptions out of 8191
 57i,9n,62p,217b,130s stack positions out of 5000i,500n,10000p,200000b,80000s
{/usr/share/texmf-dist/fonts/enc/dvips/cm-super/cm-super-t1.enc}</usr/share/texmf-dist/fonts/type1/public/amsfonts/cm/cmex10.pfb></usr/share/texmf-dist/fonts/type1/public/amsfonts/cm/cmmi10.pfb></usr/share/texmf-dist/fonts/type1/public/amsfonts/cm/cmmi7.pfb></usr/share/texmf-dist/fonts/type1/public/amsfonts/cm/cmr10.pfb></usr/share/texmf-dist/fonts/type1/public/amsfonts/cm/cmr7.pfb></usr/share/texmf-dist/fonts/type1/public/amsfonts/cm/cmsy10.pfb></usr/share/texmf-dist/fonts/type1/public/amsfonts/cm/cmsy7.pfb></usr/share/texmf-dist/fonts/type1/public/cm-super/sfrm1000.pfb>
Output written on S_E9ries_20num_E9ricas.md.pdf (15 pages, 67887 bytes).
PDF statistics:
 86 PDF objects out of 1000 (max. 8388607)
 60 compressed objects within 1 object stream
 0 named destinations out of 1000 (max. 500000)
 1 words of extra memory for PDF output out of 10000 (max. 10000000)

